{
  message: "PREPARING INSERT INTO users (role_id,user_name,email_id,contact_no,password,picture) VALUES ('2','user','User@gmail.com','987654321','1234','image')",
  level: 'info',
  label: undefined,
  timestamp: '2021-11-30T11:14:17.214Z'
}
{
  message: "PREPARING INSERT INTO users (role_id,user_name,email_id,contact_no,password,picture) VALUES ('2','user','User@gmail.com','987654321','1234','image')",
  level: 'info',
  label: undefined,
  timestamp: '2021-11-30T11:14:17.218Z'
}
{
  message: "Access denied for user ''@'localhost' (using password: NO)",
  code: 'ER_ACCESS_DENIED_ERROR',
  errno: 1045,
  sql: undefined,
  sqlState: '28000',
  sqlMessage: "Access denied for user ''@'localhost' (using password: NO)",
  level: 'info',
  label: undefined,
  timestamp: '2021-11-30T11:14:17.265Z'
}
{
  message: "Access denied for user ''@'localhost' (using password: NO)",
  level: 'info',
  label: undefined,
  timestamp: '2021-11-30T11:14:17.277Z'
}
{
  message: "PREPARING INSERT INTO users (role_id,user_name,email_id,contact_no,password,picture) VALUES ('2','user','User@gmail.com','987654321','1234','image')",
  level: 'info',
  label: undefined,
  timestamp: '2021-11-30T11:15:44.595Z'
}
{
  message: "PREPARING INSERT INTO users (role_id,user_name,email_id,contact_no,password,picture) VALUES ('2','user','User@gmail.com','987654321','1234','image')",
  level: 'info',
  label: undefined,
  timestamp: '2021-11-30T11:15:44.599Z'
}
{
  message: "Access denied for user ''@'localhost' (using password: NO)",
  code: 'ER_ACCESS_DENIED_ERROR',
  errno: 1045,
  sql: undefined,
  sqlState: '28000',
  sqlMessage: "Access denied for user ''@'localhost' (using password: NO)",
  level: 'info',
  label: undefined,
  timestamp: '2021-11-30T11:15:44.647Z'
}
{
  message: "Access denied for user ''@'localhost' (using password: NO)",
  level: 'info',
  label: undefined,
  timestamp: '2021-11-30T11:15:44.658Z'
}
{
  message: "PREPARING INSERT INTO users (role_id,user_name,email_id,contact_no,password,picture) VALUES ('2','user','User@gmail.com','987654321','1234','image')",
  level: 'info',
  label: undefined,
  timestamp: '2021-11-30T11:15:55.168Z'
}
{
  message: "PREPARING INSERT INTO users (role_id,user_name,email_id,contact_no,password,picture) VALUES ('2','user','User@gmail.com','987654321','1234','image')",
  level: 'info',
  label: undefined,
  timestamp: '2021-11-30T11:15:55.170Z'
}
{
  message: "Access denied for user ''@'localhost' (using password: NO)",
  code: 'ER_ACCESS_DENIED_ERROR',
  errno: 1045,
  sql: undefined,
  sqlState: '28000',
  sqlMessage: "Access denied for user ''@'localhost' (using password: NO)",
  level: 'info',
  label: undefined,
  timestamp: '2021-11-30T11:15:55.175Z'
}
{
  message: "Access denied for user ''@'localhost' (using password: NO)",
  level: 'info',
  label: undefined,
  timestamp: '2021-11-30T11:15:55.186Z'
}
{
  message: "PREPARING INSERT INTO users (role_id,user_name,email_id,contact_no,password,picture) VALUES ('2','user','User@gmail.com','987654321','1234','image')",
  level: 'info',
  label: undefined,
  timestamp: '2021-11-30T11:21:06.369Z'
}
{
  message: "PREPARING INSERT INTO users (role_id,user_name,email_id,contact_no,password,picture) VALUES ('2','user','User@gmail.com','987654321','1234','image')",
  level: 'info',
  label: undefined,
  timestamp: '2021-11-30T11:21:06.370Z'
}
{
  message: "Access denied for user ''@'localhost' (using password: NO)",
  code: 'ER_ACCESS_DENIED_ERROR',
  errno: 1045,
  sql: undefined,
  sqlState: '28000',
  sqlMessage: "Access denied for user ''@'localhost' (using password: NO)",
  level: 'info',
  label: undefined,
  timestamp: '2021-11-30T11:21:06.375Z'
}
{
  message: "Access denied for user ''@'localhost' (using password: NO)",
  level: 'info',
  label: undefined,
  timestamp: '2021-11-30T11:21:06.383Z'
}
{
  message: "PREPARING INSERT INTO users (role_id,user_name,email_id,contact_no,password,picture) VALUES ('2','user','User@gmail.com','987654321','1234','image')",
  level: 'info',
  label: undefined,
  timestamp: '2021-11-30T11:22:07.055Z'
}
{
  message: "PREPARING INSERT INTO users (role_id,user_name,email_id,contact_no,password,picture) VALUES ('2','user','User@gmail.com','987654321','1234','image')",
  level: 'info',
  label: undefined,
  timestamp: '2021-11-30T11:22:07.059Z'
}
{
  message: "Access denied for user ''@'localhost' (using password: NO)",
  code: 'ER_ACCESS_DENIED_ERROR',
  errno: 1045,
  sql: undefined,
  sqlState: '28000',
  sqlMessage: "Access denied for user ''@'localhost' (using password: NO)",
  level: 'info',
  label: undefined,
  timestamp: '2021-11-30T11:22:07.100Z'
}
{
  message: "Access denied for user ''@'localhost' (using password: NO)",
  level: 'info',
  label: undefined,
  timestamp: '2021-11-30T11:22:07.110Z'
}
{
  message: "PREPARING INSERT INTO users (role_id,user_name,email_id,contact_no,password,picture) VALUES ('2','user','User@gmail.com','987654321','1234','image')",
  level: 'info',
  label: undefined,
  timestamp: '2021-11-30T11:23:52.382Z'
}
{
  message: "PREPARING INSERT INTO users (role_id,user_name,email_id,contact_no,password,picture) VALUES ('2','user','User@gmail.com','987654321','1234','image')",
  level: 'info',
  label: undefined,
  timestamp: '2021-11-30T11:23:52.387Z'
}
{
  message: "Access denied for user ''@'localhost' (using password: NO)",
  code: 'ER_ACCESS_DENIED_ERROR',
  errno: 1045,
  sql: undefined,
  sqlState: '28000',
  sqlMessage: "Access denied for user ''@'localhost' (using password: NO)",
  level: 'info',
  label: undefined,
  timestamp: '2021-11-30T11:23:52.429Z'
}
{
  message: "Access denied for user ''@'localhost' (using password: NO)",
  level: 'info',
  label: undefined,
  timestamp: '2021-11-30T11:23:52.438Z'
}
{
  message: "PREPARING INSERT INTO users (role_id,user_name,email_id,contact_no,password,picture) VALUES ('2','user','User@gmail.com','987654321','1234','image')",
  level: 'info',
  label: undefined,
  timestamp: '2021-11-30T11:29:04.589Z'
}
{
  message: "PREPARING INSERT INTO users (role_id,user_name,email_id,contact_no,password,picture) VALUES ('2','user','User@gmail.com','987654321','1234','image')",
  level: 'info',
  label: undefined,
  timestamp: '2021-11-30T11:29:04.591Z'
}
{
  message: "Access denied for user ''@'localhost' (using password: NO)",
  code: 'ER_ACCESS_DENIED_ERROR',
  errno: 1045,
  sql: undefined,
  sqlState: '28000',
  sqlMessage: "Access denied for user ''@'localhost' (using password: NO)",
  level: 'info',
  label: undefined,
  timestamp: '2021-11-30T11:29:04.600Z'
}
{
  message: "Access denied for user ''@'localhost' (using password: NO)",
  level: 'info',
  label: undefined,
  timestamp: '2021-11-30T11:29:04.611Z'
}
{
  message: "PREPARING INSERT INTO users (role_id,user_name,email_id,contact_no,password,picture) VALUES ('2','user','User@gmail.com','987654321','1234','image')",
  level: 'info',
  label: undefined,
  timestamp: '2021-11-30T11:30:01.454Z'
}
{
  message: "PREPARING INSERT INTO users (role_id,user_name,email_id,contact_no,password,picture) VALUES ('2','user','User@gmail.com','987654321','1234','image')",
  level: 'info',
  label: undefined,
  timestamp: '2021-11-30T11:30:01.459Z'
}
{
  message: "Access denied for user ''@'localhost' (using password: NO)",
  code: 'ER_ACCESS_DENIED_ERROR',
  errno: 1045,
  sql: undefined,
  sqlState: '28000',
  sqlMessage: "Access denied for user ''@'localhost' (using password: NO)",
  level: 'info',
  label: undefined,
  timestamp: '2021-11-30T11:30:01.510Z'
}
{
  message: "Access denied for user ''@'localhost' (using password: NO)",
  level: 'info',
  label: undefined,
  timestamp: '2021-11-30T11:30:01.521Z'
}
{
  message: "PREPARING INSERT INTO users (role_id,user_name,email_id,contact_no,password,picture) VALUES ('2','user','User@gmail.com','987654321','1234','image')",
  level: 'info',
  label: undefined,
  timestamp: '2021-11-30T11:31:16.475Z'
}
{
  message: "PREPARING INSERT INTO users (role_id,user_name,email_id,contact_no,password,picture) VALUES ('2','user','User@gmail.com','987654321','1234','image')",
  level: 'info',
  label: undefined,
  timestamp: '2021-11-30T11:31:16.479Z'
}
{
  message: "Access denied for user ''@'localhost' (using password: NO)",
  code: 'ER_ACCESS_DENIED_ERROR',
  errno: 1045,
  sql: undefined,
  sqlState: '28000',
  sqlMessage: "Access denied for user ''@'localhost' (using password: NO)",
  level: 'info',
  label: undefined,
  timestamp: '2021-11-30T11:31:16.527Z'
}
{
  message: "Access denied for user ''@'localhost' (using password: NO)",
  level: 'info',
  label: undefined,
  timestamp: '2021-11-30T11:31:16.538Z'
}
{
  message: "PREPARING INSERT INTO users (role_id,user_name,email_id,contact_no,password,picture) VALUES ('2','user','User@gmail.com','987654321','1234','image')",
  level: 'info',
  label: undefined,
  timestamp: '2021-11-30T11:36:27.081Z'
}
{
  message: "PREPARING INSERT INTO users (role_id,user_name,email_id,contact_no,password,picture) VALUES ('2','user','User@gmail.com','987654321','1234','image')",
  level: 'info',
  label: undefined,
  timestamp: '2021-11-30T11:36:27.086Z'
}
{
  message: "Access denied for user 'root'@'localhost' (using password: YES)",
  code: 'ER_ACCESS_DENIED_ERROR',
  errno: 1045,
  sql: undefined,
  sqlState: '28000',
  sqlMessage: "Access denied for user 'root'@'localhost' (using password: YES)",
  level: 'info',
  label: undefined,
  timestamp: '2021-11-30T11:36:27.141Z'
}
{
  message: "Access denied for user 'root'@'localhost' (using password: YES)",
  level: 'info',
  label: undefined,
  timestamp: '2021-11-30T11:36:27.152Z'
}
{
  message: "PREPARING INSERT INTO users (role_id,user_name,email_id,contact_no,password,picture) VALUES ('2','user','User@gmail.com','987654321','1234','image')",
  level: 'info',
  label: undefined,
  timestamp: '2021-11-30T11:38:07.885Z'
}
{
  message: "PREPARING INSERT INTO users (role_id,user_name,email_id,contact_no,password,picture) VALUES ('2','user','User@gmail.com','987654321','1234','image')",
  level: 'info',
  label: undefined,
  timestamp: '2021-11-30T11:38:07.889Z'
}
{
  level: 'info',
  label: undefined,
  timestamp: '2021-11-30T11:38:07.945Z'
}
{
  message: 'Data is not defined',
  level: 'info',
  label: undefined,
  timestamp: '2021-11-30T11:38:07.952Z'
}
{
  message: "PREPARING INSERT INTO users (role_id,user_name,email_id,contact_no,password,picture) VALUES ('2','user','User@gmail.com','987654321','1234','image')",
  level: 'info',
  label: undefined,
  timestamp: '2021-11-30T11:42:02.133Z'
}
{
  message: "PREPARING INSERT INTO users (role_id,user_name,email_id,contact_no,password,picture) VALUES ('2','user','User@gmail.com','987654321','1234','image')",
  level: 'info',
  label: undefined,
  timestamp: '2021-11-30T11:42:02.138Z'
}
{
  message: "Duplicate entry '987654321' for key 'contact_no'",
  code: 'ER_DUP_ENTRY',
  errno: 1062,
  sql: "INSERT INTO users (role_id,user_name,email_id,contact_no,password,picture) VALUES ('2','user','User@gmail.com','987654321','1234','image')",
  sqlState: '23000',
  sqlMessage: "Duplicate entry '987654321' for key 'contact_no'",
  level: 'info',
  label: undefined,
  timestamp: '2021-11-30T11:42:02.205Z'
}
{
  message: {
    code: 'ER_DUP_ENTRY',
    errno: 1062,
    fatal: undefined,
    sql: "INSERT INTO users (role_id,user_name,email_id,contact_no,password,picture) VALUES ('2','user','User@gmail.com','987654321','1234','image')",
    sqlState: '23000',
    sqlMessage: "Duplicate entry '987654321' for key 'contact_no'"
  },
  level: 'info',
  label: undefined,
  timestamp: '2021-11-30T11:42:02.215Z'
}
{
  level: 'info',
  label: undefined,
  timestamp: '2021-11-30T11:43:25.546Z'
}
{
  message: "Cannot read properties of undefined (reading 'length')",
  level: 'info',
  label: undefined,
  timestamp: '2021-11-30T11:43:25.553Z'
}
{
  level: 'info',
  label: undefined,
  timestamp: '2021-11-30T11:43:47.364Z'
}
{
  message: "Cannot read properties of undefined (reading 'length')",
  level: 'info',
  label: undefined,
  timestamp: '2021-11-30T11:43:47.370Z'
}
{
  level: 'info',
  label: undefined,
  timestamp: '2021-11-30T11:44:13.761Z'
}
{
  message: "Cannot read properties of undefined (reading 'length')",
  level: 'info',
  label: undefined,
  timestamp: '2021-11-30T11:44:13.767Z'
}
{
  level: 'info',
  label: undefined,
  timestamp: '2021-11-30T11:44:51.291Z'
}
{
  message: "Cannot read properties of undefined (reading 'length')",
  level: 'info',
  label: undefined,
  timestamp: '2021-11-30T11:44:51.298Z'
}
{
  level: 'info',
  label: undefined,
  timestamp: '2021-11-30T12:22:56.447Z'
}
{
  message: "Cannot read properties of undefined (reading 'length')",
  level: 'info',
  label: undefined,
  timestamp: '2021-11-30T12:22:56.452Z'
}
{
  message: "PREPARING INSERT INTO users (role_id,user_name,email_id,contact_no,password,picture) VALUES ('2','user','User@gmail.com','987654321','1234','image')",
  level: 'info',
  label: undefined,
  timestamp: '2021-11-30T12:23:06.595Z'
}
{
  message: "PREPARING INSERT INTO users (role_id,user_name,email_id,contact_no,password,picture) VALUES ('2','user','User@gmail.com','987654321','1234','image')",
  level: 'info',
  label: undefined,
  timestamp: '2021-11-30T12:23:06.597Z'
}
{
  message: "Duplicate entry '987654321' for key 'contact_no'",
  code: 'ER_DUP_ENTRY',
  errno: 1062,
  sql: "INSERT INTO users (role_id,user_name,email_id,contact_no,password,picture) VALUES ('2','user','User@gmail.com','987654321','1234','image')",
  sqlState: '23000',
  sqlMessage: "Duplicate entry '987654321' for key 'contact_no'",
  level: 'info',
  label: undefined,
  timestamp: '2021-11-30T12:23:06.606Z'
}
{
  message: {
    code: 'ER_DUP_ENTRY',
    errno: 1062,
    fatal: undefined,
    sql: "INSERT INTO users (role_id,user_name,email_id,contact_no,password,picture) VALUES ('2','user','User@gmail.com','987654321','1234','image')",
    sqlState: '23000',
    sqlMessage: "Duplicate entry '987654321' for key 'contact_no'"
  },
  level: 'info',
  label: undefined,
  timestamp: '2021-11-30T12:23:06.609Z'
}
{
  message: "PREPARING INSERT INTO users (role_id,user_name,email_id,contact_no,password,picture) VALUES ('2','user','User@gmail.com','987654321','$2a$10$hAU8uZeMRwo.17eSazHjseOUK6SRISlizGF9FO8hkHU5MefIJ.MWG','image')",
  level: 'info',
  label: undefined,
  timestamp: '2021-11-30T12:39:13.418Z'
}
{
  message: "PREPARING INSERT INTO users (role_id,user_name,email_id,contact_no,password,picture) VALUES ('2','user','User@gmail.com','987654321','$2a$10$hAU8uZeMRwo.17eSazHjseOUK6SRISlizGF9FO8hkHU5MefIJ.MWG','image')",
  level: 'info',
  label: undefined,
  timestamp: '2021-11-30T12:39:13.422Z'
}
{
  message: "Duplicate entry '987654321' for key 'contact_no'",
  code: 'ER_DUP_ENTRY',
  errno: 1062,
  sql: "INSERT INTO users (role_id,user_name,email_id,contact_no,password,picture) VALUES ('2','user','User@gmail.com','987654321','$2a$10$hAU8uZeMRwo.17eSazHjseOUK6SRISlizGF9FO8hkHU5MefIJ.MWG','image')",
  sqlState: '23000',
  sqlMessage: "Duplicate entry '987654321' for key 'contact_no'",
  level: 'info',
  label: undefined,
  timestamp: '2021-11-30T12:39:13.475Z'
}
{
  message: {
    code: 'ER_DUP_ENTRY',
    errno: 1062,
    fatal: undefined,
    sql: "INSERT INTO users (role_id,user_name,email_id,contact_no,password,picture) VALUES ('2','user','User@gmail.com','987654321','$2a$10$hAU8uZeMRwo.17eSazHjseOUK6SRISlizGF9FO8hkHU5MefIJ.MWG','image')",
    sqlState: '23000',
    sqlMessage: "Duplicate entry '987654321' for key 'contact_no'"
  },
  level: 'info',
  label: undefined,
  timestamp: '2021-11-30T12:39:13.478Z'
}
{
  message: "PREPARING INSERT INTO users (role_id,user_name,email_id,contact_no,password,picture) VALUES ('2','user','User@gmail.com','987654321','$2a$10$RAR5lG4BJmG4nWhUOfnxK.3Z1VSB9/8mD/yjenOL.fPuFuFPgIELy','image')",
  level: 'info',
  label: undefined,
  timestamp: '2021-11-30T12:41:01.538Z'
}
{
  message: "PREPARING INSERT INTO users (role_id,user_name,email_id,contact_no,password,picture) VALUES ('2','user','User@gmail.com','987654321','$2a$10$RAR5lG4BJmG4nWhUOfnxK.3Z1VSB9/8mD/yjenOL.fPuFuFPgIELy','image')",
  level: 'info',
  label: undefined,
  timestamp: '2021-11-30T12:41:01.544Z'
}
{
  message: "Duplicate entry '987654321' for key 'contact_no'",
  code: 'ER_DUP_ENTRY',
  errno: 1062,
  sql: "INSERT INTO users (role_id,user_name,email_id,contact_no,password,picture) VALUES ('2','user','User@gmail.com','987654321','$2a$10$RAR5lG4BJmG4nWhUOfnxK.3Z1VSB9/8mD/yjenOL.fPuFuFPgIELy','image')",
  sqlState: '23000',
  sqlMessage: "Duplicate entry '987654321' for key 'contact_no'",
  level: 'info',
  label: undefined,
  timestamp: '2021-11-30T12:41:01.588Z'
}
{
  message: {
    code: 'ER_DUP_ENTRY',
    errno: 1062,
    fatal: undefined,
    sql: "INSERT INTO users (role_id,user_name,email_id,contact_no,password,picture) VALUES ('2','user','User@gmail.com','987654321','$2a$10$RAR5lG4BJmG4nWhUOfnxK.3Z1VSB9/8mD/yjenOL.fPuFuFPgIELy','image')",
    sqlState: '23000',
    sqlMessage: "Duplicate entry '987654321' for key 'contact_no'"
  },
  level: 'info',
  label: undefined,
  timestamp: '2021-11-30T12:41:01.591Z'
}
{
  message: "PREPARING INSERT INTO users (role_id,user_name,email_id,contact_no,password,picture) VALUES ('2','user','User@gmail.com','987654321','$2a$10$N09YAzbHe23esHl6ryAC5.z/Wgls1j0P8DS0qsMWb1vY46dZWoXAe','image')",
  level: 'info',
  label: undefined,
  timestamp: '2021-11-30T12:41:45.741Z'
}
{
  message: "PREPARING INSERT INTO users (role_id,user_name,email_id,contact_no,password,picture) VALUES ('2','user','User@gmail.com','987654321','$2a$10$N09YAzbHe23esHl6ryAC5.z/Wgls1j0P8DS0qsMWb1vY46dZWoXAe','image')",
  level: 'info',
  label: undefined,
  timestamp: '2021-11-30T12:41:45.744Z'
}
{
  level: 'info',
  label: undefined,
  timestamp: '2021-11-30T12:41:45.751Z'
}
{
  message: 'User is not defined',
  level: 'info',
  label: undefined,
  timestamp: '2021-11-30T12:41:45.757Z'
}
{
  message: "PREPARING INSERT INTO users (role_id,user_name,email_id,contact_no,password,picture) VALUES ('2','user','User@gmail.com','987654321','$2a$10$4kUoCpOToXyXn21SU389LOWTdBhzR6a8nMIwkCGwyZsHotNZ6aXXa','image')",
  level: 'info',
  label: undefined,
  timestamp: '2021-11-30T12:44:41.620Z'
}
{
  message: "PREPARING INSERT INTO users (role_id,user_name,email_id,contact_no,password,picture) VALUES ('2','user','User@gmail.com','987654321','$2a$10$4kUoCpOToXyXn21SU389LOWTdBhzR6a8nMIwkCGwyZsHotNZ6aXXa','image')",
  level: 'info',
  label: undefined,
  timestamp: '2021-11-30T12:44:41.630Z'
}
{
  level: 'info',
  label: undefined,
  timestamp: '2021-11-30T12:44:41.723Z'
}
{
  message: 'User is not defined',
  level: 'info',
  label: undefined,
  timestamp: '2021-11-30T12:44:41.729Z'
}
{
  message: "PREPARING INSERT INTO users (role_id,user_name,email_id,contact_no,password,picture) VALUES ('2','user','User@gmail.com','987654321','$2a$10$T60qxGVxX4mfpF00EdDNYenFXRrGpHfrtDVCGW2AiJRJSZNNRbJc2','image')",
  level: 'info',
  label: undefined,
  timestamp: '2021-11-30T12:51:46.084Z'
}
{
  message: "PREPARING INSERT INTO users (role_id,user_name,email_id,contact_no,password,picture) VALUES ('2','user','User@gmail.com','987654321','$2a$10$T60qxGVxX4mfpF00EdDNYenFXRrGpHfrtDVCGW2AiJRJSZNNRbJc2','image')",
  level: 'info',
  label: undefined,
  timestamp: '2021-11-30T12:51:46.089Z'
}
{
  message: "PREPARING INSERT INTO users (role_id,user_name,email_id,contact_no,password,picture) VALUES ('2','user','User@gmail.com','987654321','$2a$10$ELNFc0Jr6G4u4sRHJ3KSNOmZ3p6K9qgOnibpooPVpPsa8IWQaC46K','image')",
  level: 'info',
  label: undefined,
  timestamp: '2021-11-30T12:51:54.561Z'
}
{
  message: "PREPARING INSERT INTO users (role_id,user_name,email_id,contact_no,password,picture) VALUES ('2','user','User@gmail.com','987654321','$2a$10$ELNFc0Jr6G4u4sRHJ3KSNOmZ3p6K9qgOnibpooPVpPsa8IWQaC46K','image')",
  level: 'info',
  label: undefined,
  timestamp: '2021-11-30T12:51:54.563Z'
}
{
  message: "Duplicate entry '987654321' for key 'contact_no'",
  code: 'ER_DUP_ENTRY',
  errno: 1062,
  sql: "INSERT INTO users (role_id,user_name,email_id,contact_no,password,picture) VALUES ('2','user','User@gmail.com','987654321','$2a$10$ELNFc0Jr6G4u4sRHJ3KSNOmZ3p6K9qgOnibpooPVpPsa8IWQaC46K','image')",
  sqlState: '23000',
  sqlMessage: "Duplicate entry '987654321' for key 'contact_no'",
  level: 'info',
  label: undefined,
  timestamp: '2021-11-30T12:51:54.574Z'
}
{
  message: {
    code: 'ER_DUP_ENTRY',
    errno: 1062,
    fatal: undefined,
    sql: "INSERT INTO users (role_id,user_name,email_id,contact_no,password,picture) VALUES ('2','user','User@gmail.com','987654321','$2a$10$ELNFc0Jr6G4u4sRHJ3KSNOmZ3p6K9qgOnibpooPVpPsa8IWQaC46K','image')",
    sqlState: '23000',
    sqlMessage: "Duplicate entry '987654321' for key 'contact_no'"
  },
  level: 'info',
  label: undefined,
  timestamp: '2021-11-30T12:51:54.577Z'
}
{
  message: "Unknown column 'email' in 'field list'",
  code: 'ER_BAD_FIELD_ERROR',
  errno: 1054,
  sql: "select email from users where email = 'user@gmail.com'",
  sqlState: '42S22',
  sqlMessage: "Unknown column 'email' in 'field list'",
  level: 'info',
  label: undefined,
  timestamp: '2021-11-30T13:21:46.919Z'
}
{
  message: "Unknown column 'email' in 'field list'",
  level: 'info',
  label: undefined,
  timestamp: '2021-11-30T13:21:46.933Z'
}
{
  message: "Unknown column 'email' in 'field list'",
  code: 'ER_BAD_FIELD_ERROR',
  errno: 1054,
  sql: "select email from users where email = 'user@gmail.com'",
  sqlState: '42S22',
  sqlMessage: "Unknown column 'email' in 'field list'",
  level: 'info',
  label: undefined,
  timestamp: '2021-11-30T13:22:49.162Z'
}
{
  message: "Unknown column 'email' in 'field list'",
  level: 'info',
  label: undefined,
  timestamp: '2021-11-30T13:22:49.173Z'
}
{
  message: "Unknown column 'email' in 'field list'",
  code: 'ER_BAD_FIELD_ERROR',
  errno: 1054,
  sql: "select email from users where email_id = 'user@gmail.com'",
  sqlState: '42S22',
  sqlMessage: "Unknown column 'email' in 'field list'",
  level: 'info',
  label: undefined,
  timestamp: '2021-11-30T13:23:26.842Z'
}
{
  message: "Unknown column 'email' in 'field list'",
  level: 'info',
  label: undefined,
  timestamp: '2021-11-30T13:23:26.855Z'
}
{
  level: 'info',
  label: undefined,
  timestamp: '2021-11-30T13:23:58.111Z'
}
{
  message: 'userData is not defined',
  level: 'info',
  label: undefined,
  timestamp: '2021-11-30T13:23:58.118Z'
}
{
  level: 'info',
  label: undefined,
  timestamp: '2021-11-30T13:26:21.227Z'
}
{
  message: 'userData is not defined',
  level: 'info',
  label: undefined,
  timestamp: '2021-11-30T13:26:21.234Z'
}
{
  message: 'connect ECONNREFUSED 127.0.0.1:3306',
  code: 'ECONNREFUSED',
  errno: -4078,
  sql: undefined,
  sqlState: undefined,
  sqlMessage: undefined,
  level: 'info',
  label: undefined,
  timestamp: '2021-12-01T04:01:26.399Z'
}
{
  message: {
    code: 'ECONNREFUSED',
    errno: -4078,
    fatal: undefined,
    sql: undefined,
    sqlState: undefined,
    sqlMessage: undefined
  },
  level: 'info',
  label: undefined,
  timestamp: '2021-12-01T04:01:26.406Z'
}
{
  message: 'connect ECONNREFUSED 127.0.0.1:3306',
  code: 'ECONNREFUSED',
  errno: -4078,
  sql: undefined,
  sqlState: undefined,
  sqlMessage: undefined,
  level: 'info',
  label: undefined,
  timestamp: '2021-12-01T04:04:13.296Z'
}
{
  message: {
    code: 'ECONNREFUSED',
    errno: -4078,
    fatal: undefined,
    sql: undefined,
    sqlState: undefined,
    sqlMessage: undefined
  },
  level: 'info',
  label: undefined,
  timestamp: '2021-12-01T04:04:13.302Z'
}
{
  message: 'connect ECONNREFUSED 127.0.0.1:3306',
  code: 'ECONNREFUSED',
  errno: -4078,
  sql: undefined,
  sqlState: undefined,
  sqlMessage: undefined,
  level: 'info',
  label: undefined,
  timestamp: '2021-12-01T04:05:04.086Z'
}
{
  message: {
    code: 'ECONNREFUSED',
    errno: -4078,
    fatal: undefined,
    sql: undefined,
    sqlState: undefined,
    sqlMessage: undefined
  },
  level: 'info',
  label: undefined,
  timestamp: '2021-12-01T04:05:04.094Z'
}
{
  message: 'connect ECONNREFUSED 127.0.0.1:3306',
  code: 'ECONNREFUSED',
  errno: -4078,
  sql: undefined,
  sqlState: undefined,
  sqlMessage: undefined,
  level: 'info',
  label: undefined,
  timestamp: '2021-12-01T04:06:22.717Z'
}
{
  message: {
    code: 'ECONNREFUSED',
    errno: -4078,
    fatal: undefined,
    sql: undefined,
    sqlState: undefined,
    sqlMessage: undefined
  },
  level: 'info',
  label: undefined,
  timestamp: '2021-12-01T04:06:22.724Z'
}
{
  message: 'connect ECONNREFUSED 127.0.0.1:3306',
  code: 'ECONNREFUSED',
  errno: -4078,
  sql: undefined,
  sqlState: undefined,
  sqlMessage: undefined,
  level: 'info',
  label: undefined,
  timestamp: '2021-12-01T04:20:17.433Z'
}
{
  message: {
    code: 'ECONNREFUSED',
    errno: -4078,
    fatal: undefined,
    sql: undefined,
    sqlState: undefined,
    sqlMessage: undefined
  },
  level: 'info',
  label: undefined,
  timestamp: '2021-12-01T04:20:17.436Z'
}
{
  message: 'connect ECONNREFUSED 127.0.0.1:3306',
  code: 'ECONNREFUSED',
  errno: -4078,
  sql: undefined,
  sqlState: undefined,
  sqlMessage: undefined,
  level: 'info',
  label: undefined,
  timestamp: '2021-12-01T04:20:54.170Z'
}
{
  message: {
    code: 'ECONNREFUSED',
    errno: -4078,
    fatal: undefined,
    sql: undefined,
    sqlState: undefined,
    sqlMessage: undefined
  },
  level: 'info',
  label: undefined,
  timestamp: '2021-12-01T04:20:54.173Z'
}
{
  message: 'connect ECONNREFUSED 127.0.0.1:3306',
  code: 'ECONNREFUSED',
  errno: -4078,
  sql: undefined,
  sqlState: undefined,
  sqlMessage: undefined,
  level: 'info',
  label: undefined,
  timestamp: '2021-12-01T04:22:34.628Z'
}
{
  message: {
    code: 'ECONNREFUSED',
    errno: -4078,
    fatal: undefined,
    sql: undefined,
    sqlState: undefined,
    sqlMessage: undefined
  },
  level: 'info',
  label: undefined,
  timestamp: '2021-12-01T04:22:34.636Z'
}
{
  message: 'connect ECONNREFUSED 127.0.0.1:3306',
  code: 'ECONNREFUSED',
  errno: -4078,
  sql: undefined,
  sqlState: undefined,
  sqlMessage: undefined,
  level: 'info',
  label: undefined,
  timestamp: '2021-12-01T04:25:24.201Z'
}
{
  message: {
    code: 'ECONNREFUSED',
    errno: -4078,
    fatal: undefined,
    sql: undefined,
    sqlState: undefined,
    sqlMessage: undefined
  },
  level: 'info',
  label: undefined,
  timestamp: '2021-12-01T04:25:24.204Z'
}
{
  message: 'connect ECONNREFUSED 127.0.0.1:3306',
  code: 'ECONNREFUSED',
  errno: -4078,
  sql: undefined,
  sqlState: undefined,
  sqlMessage: undefined,
  level: 'info',
  label: undefined,
  timestamp: '2021-12-01T04:27:11.655Z'
}
{
  message: {
    code: 'ECONNREFUSED',
    errno: -4078,
    fatal: undefined,
    sql: undefined,
    sqlState: undefined,
    sqlMessage: undefined
  },
  level: 'info',
  label: undefined,
  timestamp: '2021-12-01T04:27:11.659Z'
}
{
  message: 'connect ECONNREFUSED 127.0.0.1:3306',
  code: 'ECONNREFUSED',
  errno: -4078,
  sql: undefined,
  sqlState: undefined,
  sqlMessage: undefined,
  level: 'info',
  label: undefined,
  timestamp: '2021-12-01T04:28:23.200Z'
}
{
  message: {
    code: 'ECONNREFUSED',
    errno: -4078,
    fatal: undefined,
    sql: undefined,
    sqlState: undefined,
    sqlMessage: undefined
  },
  level: 'info',
  label: undefined,
  timestamp: '2021-12-01T04:28:23.207Z'
}
{
  level: 'info',
  label: undefined,
  timestamp: '2021-12-01T04:37:35.103Z'
}
{
  message: 'userData is not defined',
  level: 'info',
  label: undefined,
  timestamp: '2021-12-01T04:37:35.114Z'
}
{
  level: 'info',
  label: undefined,
  timestamp: '2021-12-01T04:48:02.233Z'
}
{
  message: 'userData is not defined',
  level: 'info',
  label: undefined,
  timestamp: '2021-12-01T04:48:02.243Z'
}
{
  level: 'info',
  label: undefined,
  timestamp: '2021-12-01T04:49:01.565Z'
}
{
  message: 'userData is not defined',
  level: 'info',
  label: undefined,
  timestamp: '2021-12-01T04:49:01.568Z'
}
{
  level: 'info',
  label: undefined,
  timestamp: '2021-12-01T04:50:28.267Z'
}
{
  message: 'userData is not defined',
  level: 'info',
  label: undefined,
  timestamp: '2021-12-01T04:50:28.274Z'
}
{
  level: 'info',
  label: undefined,
  timestamp: '2021-12-01T04:51:01.282Z'
}
{
  message: 'userData is not defined',
  level: 'info',
  label: undefined,
  timestamp: '2021-12-01T04:51:01.290Z'
}
{
  level: 'info',
  label: undefined,
  timestamp: '2021-12-01T04:51:47.427Z'
}
{
  message: 'userData is not defined',
  level: 'info',
  label: undefined,
  timestamp: '2021-12-01T04:51:47.436Z'
}
{
  level: 'info',
  label: undefined,
  timestamp: '2021-12-01T04:52:19.031Z'
}
{
  message: 'userData is not defined',
  level: 'info',
  label: undefined,
  timestamp: '2021-12-01T04:52:19.041Z'
}
{
  level: 'info',
  label: undefined,
  timestamp: '2021-12-01T04:52:57.012Z'
}
{
  message: 'userData is not defined',
  level: 'info',
  label: undefined,
  timestamp: '2021-12-01T04:52:57.020Z'
}
{
  level: 'info',
  label: undefined,
  timestamp: '2021-12-01T04:53:33.203Z'
}
{
  message: 'userData is not defined',
  level: 'info',
  label: undefined,
  timestamp: '2021-12-01T04:53:33.213Z'
}
{
  level: 'info',
  label: undefined,
  timestamp: '2021-12-01T04:55:27.273Z'
}
{
  message: 'userData is not defined',
  level: 'info',
  label: undefined,
  timestamp: '2021-12-01T04:55:27.296Z'
}
{
  level: 'info',
  label: undefined,
  timestamp: '2021-12-01T04:55:59.974Z'
}
{
  message: 'userData is not defined',
  level: 'info',
  label: undefined,
  timestamp: '2021-12-01T04:55:59.987Z'
}
{
  level: 'info',
  label: undefined,
  timestamp: '2021-12-01T04:56:50.362Z'
}
{
  message: 'userData is not defined',
  level: 'info',
  label: undefined,
  timestamp: '2021-12-01T04:56:50.374Z'
}
{
  level: 'info',
  label: undefined,
  timestamp: '2021-12-01T04:58:10.944Z'
}
{
  message: 'userData is not defined',
  level: 'info',
  label: undefined,
  timestamp: '2021-12-01T04:58:10.953Z'
}
{
  level: 'info',
  label: undefined,
  timestamp: '2021-12-01T04:58:58.865Z'
}
{
  message: 'userData is not defined',
  level: 'info',
  label: undefined,
  timestamp: '2021-12-01T04:58:58.874Z'
}
{
  level: 'info',
  label: undefined,
  timestamp: '2021-12-01T05:00:01.880Z'
}
{
  message: 'userData is not defined',
  level: 'info',
  label: undefined,
  timestamp: '2021-12-01T05:00:01.892Z'
}
{
  level: 'info',
  label: undefined,
  timestamp: '2021-12-01T05:01:39.465Z'
}
{
  message: 'userData is not defined',
  level: 'info',
  label: undefined,
  timestamp: '2021-12-01T05:01:39.477Z'
}
{
  level: 'info',
  label: undefined,
  timestamp: '2021-12-01T05:04:02.400Z'
}
{
  message: 'userData is not defined',
  level: 'info',
  label: undefined,
  timestamp: '2021-12-01T05:04:02.409Z'
}
{
  level: 'info',
  label: undefined,
  timestamp: '2021-12-01T05:05:17.416Z'
}
{
  message: 'userData is not defined',
  level: 'info',
  label: undefined,
  timestamp: '2021-12-01T05:05:17.427Z'
}
{
  level: 'info',
  label: undefined,
  timestamp: '2021-12-01T05:06:46.380Z'
}
{
  message: 'userData is not defined',
  level: 'info',
  label: undefined,
  timestamp: '2021-12-01T05:06:46.389Z'
}
{
  level: 'info',
  label: undefined,
  timestamp: '2021-12-01T05:15:16.621Z'
}
{
  message: 'userData is not defined',
  level: 'info',
  label: undefined,
  timestamp: '2021-12-01T05:15:16.631Z'
}
{
  level: 'info',
  label: undefined,
  timestamp: '2021-12-01T05:17:59.332Z'
}
{
  message: 'QueryGenerator is not defined',
  level: 'info',
  label: undefined,
  timestamp: '2021-12-01T05:17:59.337Z'
}
{
  level: 'info',
  label: undefined,
  timestamp: '2021-12-01T05:18:40.339Z'
}
{
  message: 'QueryGenerator is not defined',
  level: 'info',
  label: undefined,
  timestamp: '2021-12-01T05:18:40.350Z'
}
{
  level: 'info',
  label: undefined,
  timestamp: '2021-12-01T05:20:12.128Z'
}
{
  message: 'QueryGenerator is not defined',
  level: 'info',
  label: undefined,
  timestamp: '2021-12-01T05:20:12.137Z'
}
{
  message: "PREPARING INSERT INTO users (role_id,user_name,email_id,contact_no,password,picture) VALUES ('2','user','User@gmail.com','987654321','$2a$10$i7ZpmIEc9nns4IPo37cDlOCDB3Dhs5eu4.CQNDho/znUamajBbPxe','image')",
  level: 'info',
  label: undefined,
  timestamp: '2021-12-01T05:21:11.261Z'
}
{
  message: "PREPARING INSERT INTO users (role_id,user_name,email_id,contact_no,password,picture) VALUES ('2','user','User@gmail.com','987654321','$2a$10$i7ZpmIEc9nns4IPo37cDlOCDB3Dhs5eu4.CQNDho/znUamajBbPxe','image')",
  level: 'info',
  label: undefined,
  timestamp: '2021-12-01T05:21:11.268Z'
}
{
  level: 'info',
  label: undefined,
  timestamp: '2021-12-01T05:21:35.722Z'
}
{
  message: 'userData is not defined',
  level: 'info',
  label: undefined,
  timestamp: '2021-12-01T05:21:35.729Z'
}
{
  level: 'info',
  label: undefined,
  timestamp: '2021-12-01T05:30:05.899Z'
}
{
  message: 'Illegal arguments: string, undefined',
  level: 'info',
  label: undefined,
  timestamp: '2021-12-01T05:30:05.909Z'
}
{
  level: 'info',
  label: undefined,
  timestamp: '2021-12-01T05:30:53.912Z'
}
{
  message: 'Illegal arguments: string, undefined',
  level: 'info',
  label: undefined,
  timestamp: '2021-12-01T05:30:53.923Z'
}
{
  level: 'info',
  label: undefined,
  timestamp: '2021-12-01T05:31:44.321Z'
}
{
  message: 'Illegal arguments: string, undefined',
  level: 'info',
  label: undefined,
  timestamp: '2021-12-01T05:31:44.330Z'
}
{
  level: 'info',
  label: undefined,
  timestamp: '2021-12-01T05:33:08.873Z'
}
{
  message: 'userData is not defined',
  level: 'info',
  label: undefined,
  timestamp: '2021-12-01T05:33:08.880Z'
}
{
  level: 'info',
  label: undefined,
  timestamp: '2021-12-01T05:33:38.137Z'
}
{
  message: 'userData is not defined',
  level: 'info',
  label: undefined,
  timestamp: '2021-12-01T05:33:38.145Z'
}
{
  level: 'info',
  label: undefined,
  timestamp: '2021-12-01T05:35:40.032Z'
}
{
  message: 'userData is not defined',
  level: 'info',
  label: undefined,
  timestamp: '2021-12-01T05:35:40.042Z'
}
{
  level: 'info',
  label: undefined,
  timestamp: '2021-12-01T06:03:11.875Z'
}
{
  message: 'userData is not defined',
  level: 'info',
  label: undefined,
  timestamp: '2021-12-01T06:03:11.884Z'
}
{
  level: 'info',
  label: undefined,
  timestamp: '2021-12-01T06:29:22.240Z'
}
{
  message: 'userData is not defined',
  level: 'info',
  label: undefined,
  timestamp: '2021-12-01T06:29:22.245Z'
}
{
  level: 'info',
  label: undefined,
  timestamp: '2021-12-01T06:30:06.033Z'
}
{
  message: 'userData is not defined',
  level: 'info',
  label: undefined,
  timestamp: '2021-12-01T06:30:06.040Z'
}
{
  level: 'info',
  label: undefined,
  timestamp: '2021-12-01T06:31:05.669Z'
}
{
  message: 'userData is not defined',
  level: 'info',
  label: undefined,
  timestamp: '2021-12-01T06:31:05.678Z'
}
{
  code: 'ERR_HTTP_HEADERS_SENT',
  level: 'info',
  label: undefined,
  timestamp: '2021-12-01T06:31:24.628Z'
}
{
  message: 'Cannot set headers after they are sent to the client',
  level: 'info',
  label: undefined,
  timestamp: '2021-12-01T06:31:24.648Z'
}
{
  code: 'ERR_HTTP_HEADERS_SENT',
  level: 'info',
  label: undefined,
  timestamp: '2021-12-01T06:39:54.103Z'
}
{
  message: 'Cannot set headers after they are sent to the client',
  level: 'info',
  label: undefined,
  timestamp: '2021-12-01T06:39:54.122Z'
}
{
  code: 'ERR_HTTP_HEADERS_SENT',
  level: 'info',
  label: undefined,
  timestamp: '2021-12-01T07:12:32.256Z'
}
{
  message: 'Cannot set headers after they are sent to the client',
  level: 'info',
  label: undefined,
  timestamp: '2021-12-01T07:12:32.272Z'
}
{
  message: "PREPARING INSERT INTO users (role_id,user_name,email_id,contact_no,password,picture) VALUES ('abc','user@gmail.com','123','12345','$2a$10$nkaAOEh5Gpsep1HN/.DgOuyXYZLXu2T367UYBFxe677cCScmFY6.C','logo.png')",
  level: 'info',
  label: undefined,
  timestamp: '2022-01-01T09:40:17.093Z'
}
{
  message: "PREPARING INSERT INTO users (role_id,user_name,email_id,contact_no,password,picture) VALUES ('abc','user@gmail.com','123','12345','$2a$10$nkaAOEh5Gpsep1HN/.DgOuyXYZLXu2T367UYBFxe677cCScmFY6.C','logo.png')",
  level: 'info',
  label: undefined,
  timestamp: '2022-01-01T09:40:17.099Z'
}
{
  message: "Incorrect integer value: 'abc' for column `instant_water`.`users`.`role_id` at row 1",
  code: 'ER_TRUNCATED_WRONG_VALUE_FOR_FIELD',
  errno: 1366,
  sql: "INSERT INTO users (role_id,user_name,email_id,contact_no,password,picture) VALUES ('abc','user@gmail.com','123','12345','$2a$10$nkaAOEh5Gpsep1HN/.DgOuyXYZLXu2T367UYBFxe677cCScmFY6.C','logo.png')",
  sqlState: '22007',
  sqlMessage: "Incorrect integer value: 'abc' for column `instant_water`.`users`.`role_id` at row 1",
  level: 'info',
  label: undefined,
  timestamp: '2022-01-01T09:40:17.152Z'
}
{
  message: "Incorrect integer value: 'abc' for column `instant_water`.`users`.`role_id` at row 1",
  level: 'info',
  label: undefined,
  timestamp: '2022-01-01T09:40:17.155Z'
}
{
  message: "PREPARING INSERT INTO users (role_id,user_name,email_id,contact_no,password,picture) VALUES ('abc','user@gmail.com','123','12345','$2a$10$Yixhw3MTZUvJqsYn1yF8mOnJqwOKl..ZhO1yE3lZoLM8jKfvXavEO','logo.png')",
  level: 'info',
  label: undefined,
  timestamp: '2022-01-01T09:42:32.591Z'
}
{
  message: "PREPARING INSERT INTO users (role_id,user_name,email_id,contact_no,password,picture) VALUES ('abc','user@gmail.com','123','12345','$2a$10$Yixhw3MTZUvJqsYn1yF8mOnJqwOKl..ZhO1yE3lZoLM8jKfvXavEO','logo.png')",
  level: 'info',
  label: undefined,
  timestamp: '2022-01-01T09:42:32.595Z'
}
{
  message: "Incorrect integer value: 'abc' for column `instant_water`.`users`.`role_id` at row 1",
  code: 'ER_TRUNCATED_WRONG_VALUE_FOR_FIELD',
  errno: 1366,
  sql: "INSERT INTO users (role_id,user_name,email_id,contact_no,password,picture) VALUES ('abc','user@gmail.com','123','12345','$2a$10$Yixhw3MTZUvJqsYn1yF8mOnJqwOKl..ZhO1yE3lZoLM8jKfvXavEO','logo.png')",
  sqlState: '22007',
  sqlMessage: "Incorrect integer value: 'abc' for column `instant_water`.`users`.`role_id` at row 1",
  level: 'info',
  label: undefined,
  timestamp: '2022-01-01T09:42:32.628Z'
}
{
  message: "Incorrect integer value: 'abc' for column `instant_water`.`users`.`role_id` at row 1",
  level: 'info',
  label: undefined,
  timestamp: '2022-01-01T09:42:32.631Z'
}
{
  message: "PREPARING INSERT INTO users (role_id,user_name,email_id,contact_no,password,picture) VALUES ('abc','user@gmail.com','123','12345','$2a$10$6KCxBhoS1d0v01qwd7WTu.i9XPBgBwiyPlYkCju/.JHGJpkr2BEMW','logo.png')",
  level: 'info',
  label: undefined,
  timestamp: '2022-01-01T09:43:27.393Z'
}
{
  message: "PREPARING INSERT INTO users (role_id,user_name,email_id,contact_no,password,picture) VALUES ('abc','user@gmail.com','123','12345','$2a$10$6KCxBhoS1d0v01qwd7WTu.i9XPBgBwiyPlYkCju/.JHGJpkr2BEMW','logo.png')",
  level: 'info',
  label: undefined,
  timestamp: '2022-01-01T09:43:27.396Z'
}
{
  message: "Incorrect integer value: 'abc' for column `instant_water`.`users`.`role_id` at row 1",
  code: 'ER_TRUNCATED_WRONG_VALUE_FOR_FIELD',
  errno: 1366,
  sql: "INSERT INTO users (role_id,user_name,email_id,contact_no,password,picture) VALUES ('abc','user@gmail.com','123','12345','$2a$10$6KCxBhoS1d0v01qwd7WTu.i9XPBgBwiyPlYkCju/.JHGJpkr2BEMW','logo.png')",
  sqlState: '22007',
  sqlMessage: "Incorrect integer value: 'abc' for column `instant_water`.`users`.`role_id` at row 1",
  level: 'info',
  label: undefined,
  timestamp: '2022-01-01T09:43:27.439Z'
}
{
  message: "Incorrect integer value: 'abc' for column `instant_water`.`users`.`role_id` at row 1",
  level: 'info',
  label: undefined,
  timestamp: '2022-01-01T09:43:27.442Z'
}
{
  message: "PREPARING INSERT INTO users (role_id,user_name,email_id,contact_no,password,picture) VALUES ('3','user@gmail.com','123','12345','$2a$10$kHlUh8UbjUF925fv1FHrt.CJi4CluZ0gblZ.gp0DrJWoSpO91don2','logo.png')",
  level: 'info',
  label: undefined,
  timestamp: '2022-01-01T09:45:33.452Z'
}
{
  message: "PREPARING INSERT INTO users (role_id,user_name,email_id,contact_no,password,picture) VALUES ('3','user@gmail.com','123','12345','$2a$10$kHlUh8UbjUF925fv1FHrt.CJi4CluZ0gblZ.gp0DrJWoSpO91don2','logo.png')",
  level: 'info',
  label: undefined,
  timestamp: '2022-01-01T09:45:33.453Z'
}
{
  message: 'Cannot add or update a child row: a foreign key constraint fails (`instant_water`.`users`, CONSTRAINT `users_ibfk_1` FOREIGN KEY (`role_id`) REFERENCES `roles` (`roles_id`) ON DELETE CASCADE)',
  code: 'ER_NO_REFERENCED_ROW_2',
  errno: 1452,
  sql: "INSERT INTO users (role_id,user_name,email_id,contact_no,password,picture) VALUES ('3','user@gmail.com','123','12345','$2a$10$kHlUh8UbjUF925fv1FHrt.CJi4CluZ0gblZ.gp0DrJWoSpO91don2','logo.png')",
  sqlState: '23000',
  sqlMessage: 'Cannot add or update a child row: a foreign key constraint fails (`instant_water`.`users`, CONSTRAINT `users_ibfk_1` FOREIGN KEY (`role_id`) REFERENCES `roles` (`roles_id`) ON DELETE CASCADE)',
  level: 'info',
  label: undefined,
  timestamp: '2022-01-01T09:45:33.475Z'
}
{
  message: {
    code: 'ER_NO_REFERENCED_ROW_2',
    errno: 1452,
    fatal: undefined,
    sql: "INSERT INTO users (role_id,user_name,email_id,contact_no,password,picture) VALUES ('3','user@gmail.com','123','12345','$2a$10$kHlUh8UbjUF925fv1FHrt.CJi4CluZ0gblZ.gp0DrJWoSpO91don2','logo.png')",
    sqlState: '23000',
    sqlMessage: 'Cannot add or update a child row: a foreign key constraint fails (`instant_water`.`users`, CONSTRAINT `users_ibfk_1` FOREIGN KEY (`role_id`) REFERENCES `roles` (`roles_id`) ON DELETE CASCADE)'
  },
  level: 'info',
  label: undefined,
  timestamp: '2022-01-01T09:45:33.477Z'
}
{
  message: "PREPARING INSERT INTO users (role_id,user_name,email_id,contact_no,password,picture) VALUES ('3','user@gmail.com','123','12345','$2a$10$zI6wBIYhO9n1x1zh7L.jCuyCkUpp5NZeI5cn6w8gqA60GZ7OTtJoK','logo.png')",
  level: 'info',
  label: undefined,
  timestamp: '2022-01-01T09:48:46.750Z'
}
{
  message: "PREPARING INSERT INTO users (role_id,user_name,email_id,contact_no,password,picture) VALUES ('3','user@gmail.com','123','12345','$2a$10$zI6wBIYhO9n1x1zh7L.jCuyCkUpp5NZeI5cn6w8gqA60GZ7OTtJoK','logo.png')",
  level: 'info',
  label: undefined,
  timestamp: '2022-01-01T09:48:46.754Z'
}
{
  message: "PREPARING INSERT INTO users (role_id,user_name,email_id,contact_no,password,picture) VALUES ('3','user','user@gmail.com','12345','$2a$10$IKIlOF7s3tYSIGTLac4Pg.ZjDAnjReYElwesLTZEMdAr2Ze4H.ZcG','logo.png')",
  level: 'info',
  label: undefined,
  timestamp: '2022-01-01T09:51:26.866Z'
}
{
  message: "PREPARING INSERT INTO users (role_id,user_name,email_id,contact_no,password,picture) VALUES ('3','user','user@gmail.com','12345','$2a$10$IKIlOF7s3tYSIGTLac4Pg.ZjDAnjReYElwesLTZEMdAr2Ze4H.ZcG','logo.png')",
  level: 'info',
  label: undefined,
  timestamp: '2022-01-01T09:51:26.866Z'
}
{
  message: "Duplicate entry '12345' for key 'contact_no'",
  code: 'ER_DUP_ENTRY',
  errno: 1062,
  sql: "INSERT INTO users (role_id,user_name,email_id,contact_no,password,picture) VALUES ('3','user','user@gmail.com','12345','$2a$10$IKIlOF7s3tYSIGTLac4Pg.ZjDAnjReYElwesLTZEMdAr2Ze4H.ZcG','logo.png')",
  sqlState: '23000',
  sqlMessage: "Duplicate entry '12345' for key 'contact_no'",
  level: 'info',
  label: undefined,
  timestamp: '2022-01-01T09:51:26.887Z'
}
{
  message: {
    code: 'ER_DUP_ENTRY',
    errno: 1062,
    fatal: undefined,
    sql: "INSERT INTO users (role_id,user_name,email_id,contact_no,password,picture) VALUES ('3','user','user@gmail.com','12345','$2a$10$IKIlOF7s3tYSIGTLac4Pg.ZjDAnjReYElwesLTZEMdAr2Ze4H.ZcG','logo.png')",
    sqlState: '23000',
    sqlMessage: "Duplicate entry '12345' for key 'contact_no'"
  },
  level: 'info',
  label: undefined,
  timestamp: '2022-01-01T09:51:26.888Z'
}
{
  message: "PREPARING INSERT INTO users (role_id,user_name,email_id,contact_no,password,picture) VALUES ('4','user','user@gmail.com','12345','$2a$10$m5cbdj.ZYoOckdghP6p0sO7CooaIpifkhPa1MKyr3j0KGrhlTA3Q6','logo.png')",
  level: 'info',
  label: undefined,
  timestamp: '2022-01-01T09:51:35.751Z'
}
{
  message: "PREPARING INSERT INTO users (role_id,user_name,email_id,contact_no,password,picture) VALUES ('4','user','user@gmail.com','12345','$2a$10$m5cbdj.ZYoOckdghP6p0sO7CooaIpifkhPa1MKyr3j0KGrhlTA3Q6','logo.png')",
  level: 'info',
  label: undefined,
  timestamp: '2022-01-01T09:51:35.752Z'
}
{
  message: "Duplicate entry '12345' for key 'contact_no'",
  code: 'ER_DUP_ENTRY',
  errno: 1062,
  sql: "INSERT INTO users (role_id,user_name,email_id,contact_no,password,picture) VALUES ('4','user','user@gmail.com','12345','$2a$10$m5cbdj.ZYoOckdghP6p0sO7CooaIpifkhPa1MKyr3j0KGrhlTA3Q6','logo.png')",
  sqlState: '23000',
  sqlMessage: "Duplicate entry '12345' for key 'contact_no'",
  level: 'info',
  label: undefined,
  timestamp: '2022-01-01T09:51:35.769Z'
}
{
  message: {
    code: 'ER_DUP_ENTRY',
    errno: 1062,
    fatal: undefined,
    sql: "INSERT INTO users (role_id,user_name,email_id,contact_no,password,picture) VALUES ('4','user','user@gmail.com','12345','$2a$10$m5cbdj.ZYoOckdghP6p0sO7CooaIpifkhPa1MKyr3j0KGrhlTA3Q6','logo.png')",
    sqlState: '23000',
    sqlMessage: "Duplicate entry '12345' for key 'contact_no'"
  },
  level: 'info',
  label: undefined,
  timestamp: '2022-01-01T09:51:35.770Z'
}
{
  message: "PREPARING INSERT INTO users (role_id,user_name,email_id,contact_no,password,picture) VALUES ('4','user','user@gmail.com','123456','$2a$10$bmKJGH.RGKRe5JYnkspIT.l0r2wh1WDFOEqhTTwuVGfzg/otU5wcS','logo.png')",
  level: 'info',
  label: undefined,
  timestamp: '2022-01-01T09:51:43.002Z'
}
{
  message: "PREPARING INSERT INTO users (role_id,user_name,email_id,contact_no,password,picture) VALUES ('4','user','user@gmail.com','123456','$2a$10$bmKJGH.RGKRe5JYnkspIT.l0r2wh1WDFOEqhTTwuVGfzg/otU5wcS','logo.png')",
  level: 'info',
  label: undefined,
  timestamp: '2022-01-01T09:51:43.002Z'
}
{
  message: "PREPARING INSERT INTO users (role_id,user_name,email_id,contact_no,password,picture) VALUES (NULL,NULL,'user@gmail.com',NULL,'$2a$10$cW0oaBcCSdP6M9cKM82/9OhTkn0yk8cGT7v0y.Ebli78sm40ibh9C',NULL)",
  level: 'info',
  label: undefined,
  timestamp: '2022-01-01T09:52:17.274Z'
}
{
  message: "PREPARING INSERT INTO users (role_id,user_name,email_id,contact_no,password,picture) VALUES (NULL,NULL,'user@gmail.com',NULL,'$2a$10$cW0oaBcCSdP6M9cKM82/9OhTkn0yk8cGT7v0y.Ebli78sm40ibh9C',NULL)",
  level: 'info',
  label: undefined,
  timestamp: '2022-01-01T09:52:17.275Z'
}
{
  message: "Column 'role_id' cannot be null",
  code: 'ER_BAD_NULL_ERROR',
  errno: 1048,
  sql: "INSERT INTO users (role_id,user_name,email_id,contact_no,password,picture) VALUES (NULL,NULL,'user@gmail.com',NULL,'$2a$10$cW0oaBcCSdP6M9cKM82/9OhTkn0yk8cGT7v0y.Ebli78sm40ibh9C',NULL)",
  sqlState: '23000',
  sqlMessage: "Column 'role_id' cannot be null",
  level: 'info',
  label: undefined,
  timestamp: '2022-01-01T09:52:17.276Z'
}
{
  message: "Column 'role_id' cannot be null",
  level: 'info',
  label: undefined,
  timestamp: '2022-01-01T09:52:17.280Z'
}
{
  message: "PREPARING INSERT INTO users (role_id,user_name,email_id,contact_no,password,picture) VALUES ('4','user','user@gmail.com','123456','$2a$10$FmEWbqWCMR3PbOekp71EOuZPzThUtHpyLK5PDdBp4AVQp3lohNgvS','logo.png')",
  level: 'info',
  label: undefined,
  timestamp: '2022-01-01T09:52:35.766Z'
}
{
  message: "PREPARING INSERT INTO users (role_id,user_name,email_id,contact_no,password,picture) VALUES ('4','user','user@gmail.com','123456','$2a$10$FmEWbqWCMR3PbOekp71EOuZPzThUtHpyLK5PDdBp4AVQp3lohNgvS','logo.png')",
  level: 'info',
  label: undefined,
  timestamp: '2022-01-01T09:52:35.767Z'
}
{
  message: "Duplicate entry '123456' for key 'contact_no'",
  code: 'ER_DUP_ENTRY',
  errno: 1062,
  sql: "INSERT INTO users (role_id,user_name,email_id,contact_no,password,picture) VALUES ('4','user','user@gmail.com','123456','$2a$10$FmEWbqWCMR3PbOekp71EOuZPzThUtHpyLK5PDdBp4AVQp3lohNgvS','logo.png')",
  sqlState: '23000',
  sqlMessage: "Duplicate entry '123456' for key 'contact_no'",
  level: 'info',
  label: undefined,
  timestamp: '2022-01-01T09:52:35.787Z'
}
{
  message: {
    code: 'ER_DUP_ENTRY',
    errno: 1062,
    fatal: undefined,
    sql: "INSERT INTO users (role_id,user_name,email_id,contact_no,password,picture) VALUES ('4','user','user@gmail.com','123456','$2a$10$FmEWbqWCMR3PbOekp71EOuZPzThUtHpyLK5PDdBp4AVQp3lohNgvS','logo.png')",
    sqlState: '23000',
    sqlMessage: "Duplicate entry '123456' for key 'contact_no'"
  },
  level: 'info',
  label: undefined,
  timestamp: '2022-01-01T09:52:35.788Z'
}
{
  message: "PREPARING INSERT INTO users (role_id,user_name,email_id,contact_no,password,picture) VALUES ('4','user','user@gmail.com','1234567','$2a$10$t1Kf3uhjw.qRr33ssUccbuv1Bkg/TD.583B7otyD3pu9wDqwtoO56','logo.png')",
  level: 'info',
  label: undefined,
  timestamp: '2022-01-01T09:52:44.142Z'
}
{
  message: "PREPARING INSERT INTO users (role_id,user_name,email_id,contact_no,password,picture) VALUES ('4','user','user@gmail.com','1234567','$2a$10$t1Kf3uhjw.qRr33ssUccbuv1Bkg/TD.583B7otyD3pu9wDqwtoO56','logo.png')",
  level: 'info',
  label: undefined,
  timestamp: '2022-01-01T09:52:44.142Z'
}
{
  message: "PREPARING INSERT INTO users (role_id,user_name,email_id,contact_no,password,picture) VALUES (NULL,NULL,'user@gmail.com',NULL,'$2a$10$WyhbuChHzDtJSEobuh3Q7Ovg/IS2c26rwv.NA5J2u7gMLO//bOiC6',NULL)",
  level: 'info',
  label: undefined,
  timestamp: '2022-01-01T09:52:51.918Z'
}
{
  message: "PREPARING INSERT INTO users (role_id,user_name,email_id,contact_no,password,picture) VALUES (NULL,NULL,'user@gmail.com',NULL,'$2a$10$WyhbuChHzDtJSEobuh3Q7Ovg/IS2c26rwv.NA5J2u7gMLO//bOiC6',NULL)",
  level: 'info',
  label: undefined,
  timestamp: '2022-01-01T09:52:51.918Z'
}
{
  message: "Column 'role_id' cannot be null",
  code: 'ER_BAD_NULL_ERROR',
  errno: 1048,
  sql: "INSERT INTO users (role_id,user_name,email_id,contact_no,password,picture) VALUES (NULL,NULL,'user@gmail.com',NULL,'$2a$10$WyhbuChHzDtJSEobuh3Q7Ovg/IS2c26rwv.NA5J2u7gMLO//bOiC6',NULL)",
  sqlState: '23000',
  sqlMessage: "Column 'role_id' cannot be null",
  level: 'info',
  label: undefined,
  timestamp: '2022-01-01T09:52:51.920Z'
}
{
  message: "Column 'role_id' cannot be null",
  level: 'info',
  label: undefined,
  timestamp: '2022-01-01T09:52:51.921Z'
}
{
  level: 'info',
  label: undefined,
  timestamp: '2022-01-01T16:00:11.410Z'
}
{
  message: 'Illegal arguments: undefined, number',
  level: 'info',
  label: undefined,
  timestamp: '2022-01-01T16:00:11.414Z'
}
{
  level: 'info',
  label: undefined,
  timestamp: '2022-01-01T16:02:00.936Z'
}
{
  message: 'Illegal arguments: undefined, number',
  level: 'info',
  label: undefined,
  timestamp: '2022-01-01T16:02:00.951Z'
}
{
  level: 'info',
  label: undefined,
  timestamp: '2022-01-01T16:02:52.167Z'
}
{
  message: 'password is not defined',
  level: 'info',
  label: undefined,
  timestamp: '2022-01-01T16:02:52.174Z'
}
{
  level: 'info',
  label: undefined,
  timestamp: '2022-01-01T16:04:04.181Z'
}
{
  message: 'password is not defined',
  level: 'info',
  label: undefined,
  timestamp: '2022-01-01T16:04:04.182Z'
}
{
  level: 'info',
  label: undefined,
  timestamp: '2022-01-01T16:04:34.989Z'
}
{
  message: 'email_id is not defined',
  level: 'info',
  label: undefined,
  timestamp: '2022-01-01T16:04:34.994Z'
}
{
  level: 'info',
  label: undefined,
  timestamp: '2022-01-01T16:07:28.286Z'
}
{
  message: 'email_id is not defined',
  level: 'info',
  label: undefined,
  timestamp: '2022-01-01T16:07:28.293Z'
}
{
  message: "PREPARING INSERT INTO users (user_name,user_email,user_password,user_about) VALUES ('user','user@gmail.com','1234','Test')",
  level: 'info',
  label: undefined,
  timestamp: '2022-01-01T16:08:23.246Z'
}
{
  message: "PREPARING INSERT INTO users (user_name,user_email,user_password,user_about) VALUES ('user','user@gmail.com','1234','Test')",
  level: 'info',
  label: undefined,
  timestamp: '2022-01-01T16:08:23.254Z'
}
{
  message: "Unknown database 'instant_water'",
  code: 'ER_BAD_DB_ERROR',
  errno: 1049,
  sql: undefined,
  sqlState: '42000',
  sqlMessage: "Unknown database 'instant_water'",
  level: 'info',
  label: undefined,
  timestamp: '2022-01-01T16:08:23.310Z'
}
{
  message: {
    code: 'ER_BAD_DB_ERROR',
    errno: 1049,
    fatal: undefined,
    sql: undefined,
    sqlState: '42000',
    sqlMessage: "Unknown database 'instant_water'"
  },
  level: 'info',
  label: undefined,
  timestamp: '2022-01-01T16:08:23.311Z'
}
{
  message: "PREPARING INSERT INTO users (user_name,user_email,user_password,user_about) VALUES ('user','user@gmail.com','1234','Test')",
  level: 'info',
  label: undefined,
  timestamp: '2022-01-01T16:09:01.415Z'
}
{
  message: "PREPARING INSERT INTO users (user_name,user_email,user_password,user_about) VALUES ('user','user@gmail.com','1234','Test')",
  level: 'info',
  label: undefined,
  timestamp: '2022-01-01T16:09:01.416Z'
}
{
  message: "Unknown database 'instant_water'",
  code: 'ER_BAD_DB_ERROR',
  errno: 1049,
  sql: undefined,
  sqlState: '42000',
  sqlMessage: "Unknown database 'instant_water'",
  level: 'info',
  label: undefined,
  timestamp: '2022-01-01T16:09:01.419Z'
}
{
  message: {
    code: 'ER_BAD_DB_ERROR',
    errno: 1049,
    fatal: undefined,
    sql: undefined,
    sqlState: '42000',
    sqlMessage: "Unknown database 'instant_water'"
  },
  level: 'info',
  label: undefined,
  timestamp: '2022-01-01T16:09:01.420Z'
}
{
  message: "PREPARING INSERT INTO users (user_name,user_email,user_password,user_about) VALUES ('user','user@gmail.com','1234','Test')",
  level: 'info',
  label: undefined,
  timestamp: '2022-01-01T16:09:18.704Z'
}
{
  message: "PREPARING INSERT INTO users (user_name,user_email,user_password,user_about) VALUES ('user','user@gmail.com','1234','Test')",
  level: 'info',
  label: undefined,
  timestamp: '2022-01-01T16:09:18.709Z'
}
{
  message: "Unknown database 'Project_Test'",
  code: 'ER_BAD_DB_ERROR',
  errno: 1049,
  sql: undefined,
  sqlState: '42000',
  sqlMessage: "Unknown database 'Project_Test'",
  level: 'info',
  label: undefined,
  timestamp: '2022-01-01T16:09:18.739Z'
}
{
  message: {
    code: 'ER_BAD_DB_ERROR',
    errno: 1049,
    fatal: undefined,
    sql: undefined,
    sqlState: '42000',
    sqlMessage: "Unknown database 'Project_Test'"
  },
  level: 'info',
  label: undefined,
  timestamp: '2022-01-01T16:09:18.740Z'
}
{
  message: "PREPARING INSERT INTO users (user_name,user_email,user_password,user_about) VALUES ('user','user@gmail.com','1234','Test')",
  level: 'info',
  label: undefined,
  timestamp: '2022-01-01T16:09:55.133Z'
}
{
  message: "PREPARING INSERT INTO users (user_name,user_email,user_password,user_about) VALUES ('user','user@gmail.com','1234','Test')",
  level: 'info',
  label: undefined,
  timestamp: '2022-01-01T16:09:55.138Z'
}
{
  message: "Unknown column 'email_id' in 'field list'",
  code: 'ER_BAD_FIELD_ERROR',
  errno: 1054,
  sql: "select email_id,password from users where email_id = 'undefined'",
  sqlState: '42S22',
  sqlMessage: "Unknown column 'email_id' in 'field list'",
  level: 'info',
  label: undefined,
  timestamp: '2022-01-01T16:13:50.220Z'
}
{
  message: "Unknown column 'email_id' in 'field list'",
  level: 'info',
  label: undefined,
  timestamp: '2022-01-01T16:13:50.226Z'
}
{
  message: "Unknown column 'email_id' in 'field list'",
  code: 'ER_BAD_FIELD_ERROR',
  errno: 1054,
  sql: "select email_id,password from users where email_id = 'user@gmail.com'",
  sqlState: '42S22',
  sqlMessage: "Unknown column 'email_id' in 'field list'",
  level: 'info',
  label: undefined,
  timestamp: '2022-01-01T16:14:45.240Z'
}
{
  message: "Unknown column 'email_id' in 'field list'",
  level: 'info',
  label: undefined,
  timestamp: '2022-01-01T16:14:45.254Z'
}
{
  message: "Unknown column 'email_id' in 'field list'",
  code: 'ER_BAD_FIELD_ERROR',
  errno: 1054,
  sql: "select email_id,password from users where email_id = 'user@gmail.com'",
  sqlState: '42S22',
  sqlMessage: "Unknown column 'email_id' in 'field list'",
  level: 'info',
  label: undefined,
  timestamp: '2022-01-01T16:14:56.640Z'
}
{
  message: "Unknown column 'email_id' in 'field list'",
  level: 'info',
  label: undefined,
  timestamp: '2022-01-01T16:14:56.649Z'
}
{
  message: "Unknown column 'email_id' in 'where clause'",
  code: 'ER_BAD_FIELD_ERROR',
  errno: 1054,
  sql: "select user_email,user_password from users where email_id = 'user@gmail.com'",
  sqlState: '42S22',
  sqlMessage: "Unknown column 'email_id' in 'where clause'",
  level: 'info',
  label: undefined,
  timestamp: '2022-01-01T16:15:52.455Z'
}
{
  message: "Unknown column 'email_id' in 'where clause'",
  level: 'info',
  label: undefined,
  timestamp: '2022-01-01T16:15:52.462Z'
}
{
  message: "PREPARING INSERT INTO users (user_name,user_email,user_password,user_about) VALUES ('user','user@gmail.com','$2a$10$ssxR.b2pUXtHdgl0F11Ie.Yu2YKCJwo7zfqTRF2ZvOxxT4rHc2wH.','Test')",
  level: 'info',
  label: undefined,
  timestamp: '2022-01-01T16:28:47.875Z'
}
{
  message: "PREPARING INSERT INTO users (user_name,user_email,user_password,user_about) VALUES ('user','user@gmail.com','$2a$10$ssxR.b2pUXtHdgl0F11Ie.Yu2YKCJwo7zfqTRF2ZvOxxT4rHc2wH.','Test')",
  level: 'info',
  label: undefined,
  timestamp: '2022-01-01T16:28:47.879Z'
}
{
  message: 'Invalid base64 string',
  level: 'info',
  label: undefined,
  timestamp: '2022-01-02T16:24:22.583Z'
}
{
  level: 'info',
  label: undefined,
  timestamp: '2022-01-02T16:42:00.662Z'
}
{
  message: 'projectModal.addProject is not a function',
  level: 'info',
  label: undefined,
  timestamp: '2022-01-02T16:42:00.671Z'
}
{
  level: 'info',
  label: undefined,
  timestamp: '2022-01-02T16:42:39.106Z'
}
{
  message: 'projectModal.addProject is not a function',
  level: 'info',
  label: undefined,
  timestamp: '2022-01-02T16:42:39.112Z'
}
{
  level: 'info',
  label: undefined,
  timestamp: '2022-01-02T16:43:50.779Z'
}
{
  message: 'projectModal.addProject is not a function',
  level: 'info',
  label: undefined,
  timestamp: '2022-01-02T16:43:50.785Z'
}
{
  message: "PREPARING INSERT INTO projects (project_name,project_description,project_image) VALUES ('project1','desc','image.png')",
  level: 'info',
  label: undefined,
  timestamp: '2022-01-02T16:51:54.407Z'
}
{
  message: "PREPARING INSERT INTO projects (project_name,project_description,project_image) VALUES ('project1','desc','image.png')",
  level: 'info',
  label: undefined,
  timestamp: '2022-01-02T16:51:54.412Z'
}
{
  level: 'info',
  label: undefined,
  timestamp: '2022-01-02T16:51:54.449Z'
}
{
  message: 'projetc is not defined',
  level: 'info',
  label: undefined,
  timestamp: '2022-01-02T16:51:54.451Z'
}
{
  message: "PREPARING INSERT INTO projects (project_name,project_description,project_image) VALUES ('project1','desc','image.png')",
  level: 'info',
  label: undefined,
  timestamp: '2022-01-02T16:52:54.270Z'
}
{
  message: "PREPARING INSERT INTO projects (project_name,project_description,project_image) VALUES ('project1','desc','image.png')",
  level: 'info',
  label: undefined,
  timestamp: '2022-01-02T16:52:54.276Z'
}
{
  message: "Unknown column 'project_id' in 'order clause'",
  code: 'ER_BAD_FIELD_ERROR',
  errno: 1054,
  sql: 'select * from projects order by project_id',
  sqlState: '42S22',
  sqlMessage: "Unknown column 'project_id' in 'order clause'",
  level: 'info',
  label: undefined,
  timestamp: '2022-01-02T17:16:05.699Z'
}
{
  message: "Unknown column 'project_id' in 'order clause'",
  level: 'info',
  label: undefined,
  timestamp: '2022-01-02T17:16:05.706Z'
}
{
  level: 'info',
  label: undefined,
  timestamp: '2022-01-02T17:16:53.980Z'
}
{
  message: "Cannot read property 'Create' of undefined",
  level: 'info',
  label: undefined,
  timestamp: '2022-01-02T17:16:53.986Z'
}
{
  level: 'info',
  label: undefined,
  timestamp: '2022-01-02T18:06:17.324Z'
}
{
  message: 'projects_id is not defined',
  level: 'info',
  label: undefined,
  timestamp: '2022-01-02T18:06:17.331Z'
}
{
  level: 'info',
  label: undefined,
  timestamp: '2022-01-02T18:54:30.445Z'
}
{
  message: 'projectsData is not defined',
  level: 'info',
  label: undefined,
  timestamp: '2022-01-02T18:54:30.462Z'
}
{
  message: "PREPARING UPDATE projects SET project_name = 'project2',project_description = 'desc',project_image = 'image.png' WHERE projects_id = '2' ",
  level: 'info',
  label: undefined,
  timestamp: '2022-01-02T18:55:29.296Z'
}
{
  message: "PREPARING UPDATE projects SET project_name = 'project2',project_description = 'desc2',project_image = 'image.png' WHERE projects_id = '2' ",
  level: 'info',
  label: undefined,
  timestamp: '2022-01-02T18:55:43.701Z'
}
{
  message: "PREPARING UPDATE projects SET project_name = 'project2',project_description = 'desc2',project_image = 'image2.png' WHERE projects_id = '2' ",
  level: 'info',
  label: undefined,
  timestamp: '2022-01-02T18:55:47.507Z'
}
