{
  error: Error: listen EADDRINUSE: address already in use :::5000
      at Server.setupListenHandle [as _listen2] (net.js:1310:16)
      at listenInCluster (net.js:1358:12)
      at Server.listen (net.js:1444:7)
      at Function.listen (/home/dominic/Project/nodejs/NodeJS-Mysql/node_modules/express/lib/application.js:618:24)
      at Object.<anonymous> (/home/dominic/Project/nodejs/NodeJS-Mysql/app.js:27:5)
      at Module._compile (internal/modules/cjs/loader.js:999:30)
      at Object.Module._extensions..js (internal/modules/cjs/loader.js:1027:10)
      at Module.load (internal/modules/cjs/loader.js:863:32)
      at Function.Module._load (internal/modules/cjs/loader.js:708:14)
      at Function.executeUserEntryPoint [as runMain] (internal/modules/run_main.js:60:12) {
    code: 'EADDRINUSE',
    errno: 'EADDRINUSE',
    syscall: 'listen',
    address: '::',
    port: 5000
  },
  level: 'error',
  message: 'uncaughtException: listen EADDRINUSE: address already in use :::5000\n' +
    'Error: listen EADDRINUSE: address already in use :::5000\n' +
    '    at Server.setupListenHandle [as _listen2] (net.js:1310:16)\n' +
    '    at listenInCluster (net.js:1358:12)\n' +
    '    at Server.listen (net.js:1444:7)\n' +
    '    at Function.listen (/home/dominic/Project/nodejs/NodeJS-Mysql/node_modules/express/lib/application.js:618:24)\n' +
    '    at Object.<anonymous> (/home/dominic/Project/nodejs/NodeJS-Mysql/app.js:27:5)\n' +
    '    at Module._compile (internal/modules/cjs/loader.js:999:30)\n' +
    '    at Object.Module._extensions..js (internal/modules/cjs/loader.js:1027:10)\n' +
    '    at Module.load (internal/modules/cjs/loader.js:863:32)\n' +
    '    at Function.Module._load (internal/modules/cjs/loader.js:708:14)\n' +
    '    at Function.executeUserEntryPoint [as runMain] (internal/modules/run_main.js:60:12)',
  stack: 'Error: listen EADDRINUSE: address already in use :::5000\n' +
    '    at Server.setupListenHandle [as _listen2] (net.js:1310:16)\n' +
    '    at listenInCluster (net.js:1358:12)\n' +
    '    at Server.listen (net.js:1444:7)\n' +
    '    at Function.listen (/home/dominic/Project/nodejs/NodeJS-Mysql/node_modules/express/lib/application.js:618:24)\n' +
    '    at Object.<anonymous> (/home/dominic/Project/nodejs/NodeJS-Mysql/app.js:27:5)\n' +
    '    at Module._compile (internal/modules/cjs/loader.js:999:30)\n' +
    '    at Object.Module._extensions..js (internal/modules/cjs/loader.js:1027:10)\n' +
    '    at Module.load (internal/modules/cjs/loader.js:863:32)\n' +
    '    at Function.Module._load (internal/modules/cjs/loader.js:708:14)\n' +
    '    at Function.executeUserEntryPoint [as runMain] (internal/modules/run_main.js:60:12)',
  exception: true,
  date: 'Wed Jan 26 2022 15:17:52 GMT+0000 (Coordinated Universal Time)',
  process: {
    pid: 10622,
    uid: 1000,
    gid: 1000,
    cwd: '/home/dominic/Project/nodejs/NodeJS-Mysql',
    execPath: '/usr/bin/node',
    version: 'v12.22.7',
    argv: [
      '/usr/bin/node',
      '/home/dominic/Project/nodejs/NodeJS-Mysql/app.js'
    ],
    memoryUsage: {
      rss: 63500288,
      heapTotal: 30859264,
      heapUsed: 14109408,
      external: 1531332,
      arrayBuffers: 56973
    }
  },
  os: { loadavg: [ 1.03, 0.84, 0.67 ], uptime: 4407 },
  trace: [
    {
      column: 16,
      file: 'net.js',
      function: 'Server.setupListenHandle [as _listen2]',
      line: 1310,
      method: 'setupListenHandle [as _listen2]',
      native: false
    },
    {
      column: 12,
      file: 'net.js',
      function: 'listenInCluster',
      line: 1358,
      method: null,
      native: false
    },
    {
      column: 7,
      file: 'net.js',
      function: 'Server.listen',
      line: 1444,
      method: 'listen',
      native: false
    },
    {
      column: 24,
      file: '/home/dominic/Project/nodejs/NodeJS-Mysql/node_modules/express/lib/application.js',
      function: 'Function.listen',
      line: 618,
      method: 'listen',
      native: false
    },
    {
      column: 5,
      file: '/home/dominic/Project/nodejs/NodeJS-Mysql/app.js',
      function: null,
      line: 27,
      method: null,
      native: false
    },
    {
      column: 30,
      file: 'internal/modules/cjs/loader.js',
      function: 'Module._compile',
      line: 999,
      method: '_compile',
      native: false
    },
    {
      column: 10,
      file: 'internal/modules/cjs/loader.js',
      function: 'Module._extensions..js',
      line: 1027,
      method: '.js',
      native: false
    },
    {
      column: 32,
      file: 'internal/modules/cjs/loader.js',
      function: 'Module.load',
      line: 863,
      method: 'load',
      native: false
    },
    {
      column: 14,
      file: 'internal/modules/cjs/loader.js',
      function: 'Module._load',
      line: 708,
      method: '_load',
      native: false
    },
    {
      column: 12,
      file: 'internal/modules/run_main.js',
      function: 'Function.executeUserEntryPoint [as runMain]',
      line: 60,
      method: 'executeUserEntryPoint [as runMain]',
      native: false
    }
  ],
  label: undefined,
  timestamp: '2022-01-26T15:17:52.976Z'
}
{
  error: Error: listen EADDRINUSE: address already in use :::5000
      at Server.setupListenHandle [as _listen2] (net.js:1310:16)
      at listenInCluster (net.js:1358:12)
      at Server.listen (net.js:1444:7)
      at Function.listen (/home/dominic/Project/nodejs/NodeJS-Mysql/node_modules/express/lib/application.js:618:24)
      at Object.<anonymous> (/home/dominic/Project/nodejs/NodeJS-Mysql/app.js:27:5)
      at Module._compile (internal/modules/cjs/loader.js:999:30)
      at Object.Module._extensions..js (internal/modules/cjs/loader.js:1027:10)
      at Module.load (internal/modules/cjs/loader.js:863:32)
      at Function.Module._load (internal/modules/cjs/loader.js:708:14)
      at Function.executeUserEntryPoint [as runMain] (internal/modules/run_main.js:60:12) {
    code: 'EADDRINUSE',
    errno: 'EADDRINUSE',
    syscall: 'listen',
    address: '::',
    port: 5000
  },
  level: 'error',
  message: 'uncaughtException: listen EADDRINUSE: address already in use :::5000\n' +
    'Error: listen EADDRINUSE: address already in use :::5000\n' +
    '    at Server.setupListenHandle [as _listen2] (net.js:1310:16)\n' +
    '    at listenInCluster (net.js:1358:12)\n' +
    '    at Server.listen (net.js:1444:7)\n' +
    '    at Function.listen (/home/dominic/Project/nodejs/NodeJS-Mysql/node_modules/express/lib/application.js:618:24)\n' +
    '    at Object.<anonymous> (/home/dominic/Project/nodejs/NodeJS-Mysql/app.js:27:5)\n' +
    '    at Module._compile (internal/modules/cjs/loader.js:999:30)\n' +
    '    at Object.Module._extensions..js (internal/modules/cjs/loader.js:1027:10)\n' +
    '    at Module.load (internal/modules/cjs/loader.js:863:32)\n' +
    '    at Function.Module._load (internal/modules/cjs/loader.js:708:14)\n' +
    '    at Function.executeUserEntryPoint [as runMain] (internal/modules/run_main.js:60:12)',
  stack: 'Error: listen EADDRINUSE: address already in use :::5000\n' +
    '    at Server.setupListenHandle [as _listen2] (net.js:1310:16)\n' +
    '    at listenInCluster (net.js:1358:12)\n' +
    '    at Server.listen (net.js:1444:7)\n' +
    '    at Function.listen (/home/dominic/Project/nodejs/NodeJS-Mysql/node_modules/express/lib/application.js:618:24)\n' +
    '    at Object.<anonymous> (/home/dominic/Project/nodejs/NodeJS-Mysql/app.js:27:5)\n' +
    '    at Module._compile (internal/modules/cjs/loader.js:999:30)\n' +
    '    at Object.Module._extensions..js (internal/modules/cjs/loader.js:1027:10)\n' +
    '    at Module.load (internal/modules/cjs/loader.js:863:32)\n' +
    '    at Function.Module._load (internal/modules/cjs/loader.js:708:14)\n' +
    '    at Function.executeUserEntryPoint [as runMain] (internal/modules/run_main.js:60:12)',
  exception: true,
  date: 'Wed Jan 26 2022 15:20:10 GMT+0000 (Coordinated Universal Time)',
  process: {
    pid: 10872,
    uid: 1000,
    gid: 1000,
    cwd: '/home/dominic/Project/nodejs/NodeJS-Mysql',
    execPath: '/usr/bin/node',
    version: 'v12.22.7',
    argv: [
      '/usr/bin/node',
      '/home/dominic/Project/nodejs/NodeJS-Mysql/app.js'
    ],
    memoryUsage: {
      rss: 58920960,
      heapTotal: 18272256,
      heapUsed: 13335248,
      external: 1910115,
      arrayBuffers: 483589
    }
  },
  os: { loadavg: [ 0.46, 0.71, 0.65 ], uptime: 4545 },
  trace: [
    {
      column: 16,
      file: 'net.js',
      function: 'Server.setupListenHandle [as _listen2]',
      line: 1310,
      method: 'setupListenHandle [as _listen2]',
      native: false
    },
    {
      column: 12,
      file: 'net.js',
      function: 'listenInCluster',
      line: 1358,
      method: null,
      native: false
    },
    {
      column: 7,
      file: 'net.js',
      function: 'Server.listen',
      line: 1444,
      method: 'listen',
      native: false
    },
    {
      column: 24,
      file: '/home/dominic/Project/nodejs/NodeJS-Mysql/node_modules/express/lib/application.js',
      function: 'Function.listen',
      line: 618,
      method: 'listen',
      native: false
    },
    {
      column: 5,
      file: '/home/dominic/Project/nodejs/NodeJS-Mysql/app.js',
      function: null,
      line: 27,
      method: null,
      native: false
    },
    {
      column: 30,
      file: 'internal/modules/cjs/loader.js',
      function: 'Module._compile',
      line: 999,
      method: '_compile',
      native: false
    },
    {
      column: 10,
      file: 'internal/modules/cjs/loader.js',
      function: 'Module._extensions..js',
      line: 1027,
      method: '.js',
      native: false
    },
    {
      column: 32,
      file: 'internal/modules/cjs/loader.js',
      function: 'Module.load',
      line: 863,
      method: 'load',
      native: false
    },
    {
      column: 14,
      file: 'internal/modules/cjs/loader.js',
      function: 'Module._load',
      line: 708,
      method: '_load',
      native: false
    },
    {
      column: 12,
      file: 'internal/modules/run_main.js',
      function: 'Function.executeUserEntryPoint [as runMain]',
      line: 60,
      method: 'executeUserEntryPoint [as runMain]',
      native: false
    }
  ],
  label: undefined,
  timestamp: '2022-01-26T15:20:10.551Z'
}
{
  error: Error: listen EADDRINUSE: address already in use :::5000
      at Server.setupListenHandle [as _listen2] (net.js:1310:16)
      at listenInCluster (net.js:1358:12)
      at Server.listen (net.js:1444:7)
      at Function.listen (/home/dominic/Project/nodejs/NodeJS-Mysql/node_modules/express/lib/application.js:618:24)
      at Object.<anonymous> (/home/dominic/Project/nodejs/NodeJS-Mysql/app.js:27:5)
      at Module._compile (internal/modules/cjs/loader.js:999:30)
      at Object.Module._extensions..js (internal/modules/cjs/loader.js:1027:10)
      at Module.load (internal/modules/cjs/loader.js:863:32)
      at Function.Module._load (internal/modules/cjs/loader.js:708:14)
      at Function.executeUserEntryPoint [as runMain] (internal/modules/run_main.js:60:12) {
    code: 'EADDRINUSE',
    errno: 'EADDRINUSE',
    syscall: 'listen',
    address: '::',
    port: 5000
  },
  level: 'error',
  message: 'uncaughtException: listen EADDRINUSE: address already in use :::5000\n' +
    'Error: listen EADDRINUSE: address already in use :::5000\n' +
    '    at Server.setupListenHandle [as _listen2] (net.js:1310:16)\n' +
    '    at listenInCluster (net.js:1358:12)\n' +
    '    at Server.listen (net.js:1444:7)\n' +
    '    at Function.listen (/home/dominic/Project/nodejs/NodeJS-Mysql/node_modules/express/lib/application.js:618:24)\n' +
    '    at Object.<anonymous> (/home/dominic/Project/nodejs/NodeJS-Mysql/app.js:27:5)\n' +
    '    at Module._compile (internal/modules/cjs/loader.js:999:30)\n' +
    '    at Object.Module._extensions..js (internal/modules/cjs/loader.js:1027:10)\n' +
    '    at Module.load (internal/modules/cjs/loader.js:863:32)\n' +
    '    at Function.Module._load (internal/modules/cjs/loader.js:708:14)\n' +
    '    at Function.executeUserEntryPoint [as runMain] (internal/modules/run_main.js:60:12)',
  stack: 'Error: listen EADDRINUSE: address already in use :::5000\n' +
    '    at Server.setupListenHandle [as _listen2] (net.js:1310:16)\n' +
    '    at listenInCluster (net.js:1358:12)\n' +
    '    at Server.listen (net.js:1444:7)\n' +
    '    at Function.listen (/home/dominic/Project/nodejs/NodeJS-Mysql/node_modules/express/lib/application.js:618:24)\n' +
    '    at Object.<anonymous> (/home/dominic/Project/nodejs/NodeJS-Mysql/app.js:27:5)\n' +
    '    at Module._compile (internal/modules/cjs/loader.js:999:30)\n' +
    '    at Object.Module._extensions..js (internal/modules/cjs/loader.js:1027:10)\n' +
    '    at Module.load (internal/modules/cjs/loader.js:863:32)\n' +
    '    at Function.Module._load (internal/modules/cjs/loader.js:708:14)\n' +
    '    at Function.executeUserEntryPoint [as runMain] (internal/modules/run_main.js:60:12)',
  exception: true,
  date: 'Wed Jan 26 2022 16:01:41 GMT+0000 (Coordinated Universal Time)',
  process: {
    pid: 11636,
    uid: 1000,
    gid: 1000,
    cwd: '/home/dominic/Project/nodejs/NodeJS-Mysql',
    execPath: '/usr/bin/node',
    version: 'v12.22.7',
    argv: [
      '/usr/bin/node',
      '/home/dominic/Project/nodejs/NodeJS-Mysql/app.js'
    ],
    memoryUsage: {
      rss: 61964288,
      heapTotal: 18272256,
      heapUsed: 13348328,
      external: 1910115,
      arrayBuffers: 483589
    }
  },
  os: { loadavg: [ 0.2, 0.09, 0.14 ], uptime: 7036 },
  trace: [
    {
      column: 16,
      file: 'net.js',
      function: 'Server.setupListenHandle [as _listen2]',
      line: 1310,
      method: 'setupListenHandle [as _listen2]',
      native: false
    },
    {
      column: 12,
      file: 'net.js',
      function: 'listenInCluster',
      line: 1358,
      method: null,
      native: false
    },
    {
      column: 7,
      file: 'net.js',
      function: 'Server.listen',
      line: 1444,
      method: 'listen',
      native: false
    },
    {
      column: 24,
      file: '/home/dominic/Project/nodejs/NodeJS-Mysql/node_modules/express/lib/application.js',
      function: 'Function.listen',
      line: 618,
      method: 'listen',
      native: false
    },
    {
      column: 5,
      file: '/home/dominic/Project/nodejs/NodeJS-Mysql/app.js',
      function: null,
      line: 27,
      method: null,
      native: false
    },
    {
      column: 30,
      file: 'internal/modules/cjs/loader.js',
      function: 'Module._compile',
      line: 999,
      method: '_compile',
      native: false
    },
    {
      column: 10,
      file: 'internal/modules/cjs/loader.js',
      function: 'Module._extensions..js',
      line: 1027,
      method: '.js',
      native: false
    },
    {
      column: 32,
      file: 'internal/modules/cjs/loader.js',
      function: 'Module.load',
      line: 863,
      method: 'load',
      native: false
    },
    {
      column: 14,
      file: 'internal/modules/cjs/loader.js',
      function: 'Module._load',
      line: 708,
      method: '_load',
      native: false
    },
    {
      column: 12,
      file: 'internal/modules/run_main.js',
      function: 'Function.executeUserEntryPoint [as runMain]',
      line: 60,
      method: 'executeUserEntryPoint [as runMain]',
      native: false
    }
  ],
  label: undefined,
  timestamp: '2022-01-26T16:01:41.637Z'
}
{
  error: Error: listen EADDRINUSE: address already in use :::5000
      at Server.setupListenHandle [as _listen2] (net.js:1310:16)
      at listenInCluster (net.js:1358:12)
      at Server.listen (net.js:1444:7)
      at Function.listen (/home/dominic/Project/nodejs/NodeJS-Mysql/node_modules/express/lib/application.js:618:24)
      at Object.<anonymous> (/home/dominic/Project/nodejs/NodeJS-Mysql/app.js:27:5)
      at Module._compile (internal/modules/cjs/loader.js:999:30)
      at Object.Module._extensions..js (internal/modules/cjs/loader.js:1027:10)
      at Module.load (internal/modules/cjs/loader.js:863:32)
      at Function.Module._load (internal/modules/cjs/loader.js:708:14)
      at Function.executeUserEntryPoint [as runMain] (internal/modules/run_main.js:60:12) {
    code: 'EADDRINUSE',
    errno: 'EADDRINUSE',
    syscall: 'listen',
    address: '::',
    port: 5000
  },
  level: 'error',
  message: 'uncaughtException: listen EADDRINUSE: address already in use :::5000\n' +
    'Error: listen EADDRINUSE: address already in use :::5000\n' +
    '    at Server.setupListenHandle [as _listen2] (net.js:1310:16)\n' +
    '    at listenInCluster (net.js:1358:12)\n' +
    '    at Server.listen (net.js:1444:7)\n' +
    '    at Function.listen (/home/dominic/Project/nodejs/NodeJS-Mysql/node_modules/express/lib/application.js:618:24)\n' +
    '    at Object.<anonymous> (/home/dominic/Project/nodejs/NodeJS-Mysql/app.js:27:5)\n' +
    '    at Module._compile (internal/modules/cjs/loader.js:999:30)\n' +
    '    at Object.Module._extensions..js (internal/modules/cjs/loader.js:1027:10)\n' +
    '    at Module.load (internal/modules/cjs/loader.js:863:32)\n' +
    '    at Function.Module._load (internal/modules/cjs/loader.js:708:14)\n' +
    '    at Function.executeUserEntryPoint [as runMain] (internal/modules/run_main.js:60:12)',
  stack: 'Error: listen EADDRINUSE: address already in use :::5000\n' +
    '    at Server.setupListenHandle [as _listen2] (net.js:1310:16)\n' +
    '    at listenInCluster (net.js:1358:12)\n' +
    '    at Server.listen (net.js:1444:7)\n' +
    '    at Function.listen (/home/dominic/Project/nodejs/NodeJS-Mysql/node_modules/express/lib/application.js:618:24)\n' +
    '    at Object.<anonymous> (/home/dominic/Project/nodejs/NodeJS-Mysql/app.js:27:5)\n' +
    '    at Module._compile (internal/modules/cjs/loader.js:999:30)\n' +
    '    at Object.Module._extensions..js (internal/modules/cjs/loader.js:1027:10)\n' +
    '    at Module.load (internal/modules/cjs/loader.js:863:32)\n' +
    '    at Function.Module._load (internal/modules/cjs/loader.js:708:14)\n' +
    '    at Function.executeUserEntryPoint [as runMain] (internal/modules/run_main.js:60:12)',
  exception: true,
  date: 'Wed Jan 26 2022 16:30:26 GMT+0000 (Coordinated Universal Time)',
  process: {
    pid: 12967,
    uid: 1000,
    gid: 1000,
    cwd: '/home/dominic/Project/nodejs/NodeJS-Mysql',
    execPath: '/usr/bin/node',
    version: 'v12.22.7',
    argv: [
      '/usr/bin/node',
      '/home/dominic/Project/nodejs/NodeJS-Mysql/app.js'
    ],
    memoryUsage: {
      rss: 60542976,
      heapTotal: 27971584,
      heapUsed: 11272992,
      external: 1468684,
      arrayBuffers: 42158
    }
  },
  os: { loadavg: [ 0.18, 0.42, 0.25 ], uptime: 8761 },
  trace: [
    {
      column: 16,
      file: 'net.js',
      function: 'Server.setupListenHandle [as _listen2]',
      line: 1310,
      method: 'setupListenHandle [as _listen2]',
      native: false
    },
    {
      column: 12,
      file: 'net.js',
      function: 'listenInCluster',
      line: 1358,
      method: null,
      native: false
    },
    {
      column: 7,
      file: 'net.js',
      function: 'Server.listen',
      line: 1444,
      method: 'listen',
      native: false
    },
    {
      column: 24,
      file: '/home/dominic/Project/nodejs/NodeJS-Mysql/node_modules/express/lib/application.js',
      function: 'Function.listen',
      line: 618,
      method: 'listen',
      native: false
    },
    {
      column: 5,
      file: '/home/dominic/Project/nodejs/NodeJS-Mysql/app.js',
      function: null,
      line: 27,
      method: null,
      native: false
    },
    {
      column: 30,
      file: 'internal/modules/cjs/loader.js',
      function: 'Module._compile',
      line: 999,
      method: '_compile',
      native: false
    },
    {
      column: 10,
      file: 'internal/modules/cjs/loader.js',
      function: 'Module._extensions..js',
      line: 1027,
      method: '.js',
      native: false
    },
    {
      column: 32,
      file: 'internal/modules/cjs/loader.js',
      function: 'Module.load',
      line: 863,
      method: 'load',
      native: false
    },
    {
      column: 14,
      file: 'internal/modules/cjs/loader.js',
      function: 'Module._load',
      line: 708,
      method: '_load',
      native: false
    },
    {
      column: 12,
      file: 'internal/modules/run_main.js',
      function: 'Function.executeUserEntryPoint [as runMain]',
      line: 60,
      method: 'executeUserEntryPoint [as runMain]',
      native: false
    }
  ],
  label: undefined,
  timestamp: '2022-01-26T16:30:26.872Z'
}
{
  error: Error: listen EADDRINUSE: address already in use :::5000
      at Server.setupListenHandle [as _listen2] (net.js:1310:16)
      at listenInCluster (net.js:1358:12)
      at Server.listen (net.js:1444:7)
      at Function.listen (/home/dominic/Project/nodejs/NodeJS-Mysql/node_modules/express/lib/application.js:618:24)
      at Object.<anonymous> (/home/dominic/Project/nodejs/NodeJS-Mysql/app.js:27:5)
      at Module._compile (internal/modules/cjs/loader.js:999:30)
      at Object.Module._extensions..js (internal/modules/cjs/loader.js:1027:10)
      at Module.load (internal/modules/cjs/loader.js:863:32)
      at Function.Module._load (internal/modules/cjs/loader.js:708:14)
      at Function.executeUserEntryPoint [as runMain] (internal/modules/run_main.js:60:12) {
    code: 'EADDRINUSE',
    errno: 'EADDRINUSE',
    syscall: 'listen',
    address: '::',
    port: 5000
  },
  level: 'error',
  message: 'uncaughtException: listen EADDRINUSE: address already in use :::5000\n' +
    'Error: listen EADDRINUSE: address already in use :::5000\n' +
    '    at Server.setupListenHandle [as _listen2] (net.js:1310:16)\n' +
    '    at listenInCluster (net.js:1358:12)\n' +
    '    at Server.listen (net.js:1444:7)\n' +
    '    at Function.listen (/home/dominic/Project/nodejs/NodeJS-Mysql/node_modules/express/lib/application.js:618:24)\n' +
    '    at Object.<anonymous> (/home/dominic/Project/nodejs/NodeJS-Mysql/app.js:27:5)\n' +
    '    at Module._compile (internal/modules/cjs/loader.js:999:30)\n' +
    '    at Object.Module._extensions..js (internal/modules/cjs/loader.js:1027:10)\n' +
    '    at Module.load (internal/modules/cjs/loader.js:863:32)\n' +
    '    at Function.Module._load (internal/modules/cjs/loader.js:708:14)\n' +
    '    at Function.executeUserEntryPoint [as runMain] (internal/modules/run_main.js:60:12)',
  stack: 'Error: listen EADDRINUSE: address already in use :::5000\n' +
    '    at Server.setupListenHandle [as _listen2] (net.js:1310:16)\n' +
    '    at listenInCluster (net.js:1358:12)\n' +
    '    at Server.listen (net.js:1444:7)\n' +
    '    at Function.listen (/home/dominic/Project/nodejs/NodeJS-Mysql/node_modules/express/lib/application.js:618:24)\n' +
    '    at Object.<anonymous> (/home/dominic/Project/nodejs/NodeJS-Mysql/app.js:27:5)\n' +
    '    at Module._compile (internal/modules/cjs/loader.js:999:30)\n' +
    '    at Object.Module._extensions..js (internal/modules/cjs/loader.js:1027:10)\n' +
    '    at Module.load (internal/modules/cjs/loader.js:863:32)\n' +
    '    at Function.Module._load (internal/modules/cjs/loader.js:708:14)\n' +
    '    at Function.executeUserEntryPoint [as runMain] (internal/modules/run_main.js:60:12)',
  exception: true,
  date: 'Wed Jan 26 2022 16:30:38 GMT+0000 (Coordinated Universal Time)',
  process: {
    pid: 13120,
    uid: 1000,
    gid: 1000,
    cwd: '/home/dominic/Project/nodejs/NodeJS-Mysql',
    execPath: '/usr/bin/node',
    version: 'v12.22.7',
    argv: [
      '/usr/bin/node',
      '/home/dominic/Project/nodejs/NodeJS-Mysql/app.js'
    ],
    memoryUsage: {
      rss: 59789312,
      heapTotal: 18272256,
      heapUsed: 13320808,
      external: 1905696,
      arrayBuffers: 479170
    }
  },
  os: { loadavg: [ 0.15, 0.4, 0.25 ], uptime: 8772 },
  trace: [
    {
      column: 16,
      file: 'net.js',
      function: 'Server.setupListenHandle [as _listen2]',
      line: 1310,
      method: 'setupListenHandle [as _listen2]',
      native: false
    },
    {
      column: 12,
      file: 'net.js',
      function: 'listenInCluster',
      line: 1358,
      method: null,
      native: false
    },
    {
      column: 7,
      file: 'net.js',
      function: 'Server.listen',
      line: 1444,
      method: 'listen',
      native: false
    },
    {
      column: 24,
      file: '/home/dominic/Project/nodejs/NodeJS-Mysql/node_modules/express/lib/application.js',
      function: 'Function.listen',
      line: 618,
      method: 'listen',
      native: false
    },
    {
      column: 5,
      file: '/home/dominic/Project/nodejs/NodeJS-Mysql/app.js',
      function: null,
      line: 27,
      method: null,
      native: false
    },
    {
      column: 30,
      file: 'internal/modules/cjs/loader.js',
      function: 'Module._compile',
      line: 999,
      method: '_compile',
      native: false
    },
    {
      column: 10,
      file: 'internal/modules/cjs/loader.js',
      function: 'Module._extensions..js',
      line: 1027,
      method: '.js',
      native: false
    },
    {
      column: 32,
      file: 'internal/modules/cjs/loader.js',
      function: 'Module.load',
      line: 863,
      method: 'load',
      native: false
    },
    {
      column: 14,
      file: 'internal/modules/cjs/loader.js',
      function: 'Module._load',
      line: 708,
      method: '_load',
      native: false
    },
    {
      column: 12,
      file: 'internal/modules/run_main.js',
      function: 'Function.executeUserEntryPoint [as runMain]',
      line: 60,
      method: 'executeUserEntryPoint [as runMain]',
      native: false
    }
  ],
  label: undefined,
  timestamp: '2022-01-26T16:30:38.267Z'
}
{
  error: Error: listen EADDRINUSE: address already in use :::5000
      at Server.setupListenHandle [as _listen2] (net.js:1310:16)
      at listenInCluster (net.js:1358:12)
      at Server.listen (net.js:1444:7)
      at Function.listen (/home/dominic/Project/nodejs/NodeJS-Mysql/node_modules/express/lib/application.js:618:24)
      at Object.<anonymous> (/home/dominic/Project/nodejs/NodeJS-Mysql/app.js:27:5)
      at Module._compile (internal/modules/cjs/loader.js:999:30)
      at Object.Module._extensions..js (internal/modules/cjs/loader.js:1027:10)
      at Module.load (internal/modules/cjs/loader.js:863:32)
      at Function.Module._load (internal/modules/cjs/loader.js:708:14)
      at Function.executeUserEntryPoint [as runMain] (internal/modules/run_main.js:60:12) {
    code: 'EADDRINUSE',
    errno: 'EADDRINUSE',
    syscall: 'listen',
    address: '::',
    port: 5000
  },
  level: 'error',
  message: 'uncaughtException: listen EADDRINUSE: address already in use :::5000\n' +
    'Error: listen EADDRINUSE: address already in use :::5000\n' +
    '    at Server.setupListenHandle [as _listen2] (net.js:1310:16)\n' +
    '    at listenInCluster (net.js:1358:12)\n' +
    '    at Server.listen (net.js:1444:7)\n' +
    '    at Function.listen (/home/dominic/Project/nodejs/NodeJS-Mysql/node_modules/express/lib/application.js:618:24)\n' +
    '    at Object.<anonymous> (/home/dominic/Project/nodejs/NodeJS-Mysql/app.js:27:5)\n' +
    '    at Module._compile (internal/modules/cjs/loader.js:999:30)\n' +
    '    at Object.Module._extensions..js (internal/modules/cjs/loader.js:1027:10)\n' +
    '    at Module.load (internal/modules/cjs/loader.js:863:32)\n' +
    '    at Function.Module._load (internal/modules/cjs/loader.js:708:14)\n' +
    '    at Function.executeUserEntryPoint [as runMain] (internal/modules/run_main.js:60:12)',
  stack: 'Error: listen EADDRINUSE: address already in use :::5000\n' +
    '    at Server.setupListenHandle [as _listen2] (net.js:1310:16)\n' +
    '    at listenInCluster (net.js:1358:12)\n' +
    '    at Server.listen (net.js:1444:7)\n' +
    '    at Function.listen (/home/dominic/Project/nodejs/NodeJS-Mysql/node_modules/express/lib/application.js:618:24)\n' +
    '    at Object.<anonymous> (/home/dominic/Project/nodejs/NodeJS-Mysql/app.js:27:5)\n' +
    '    at Module._compile (internal/modules/cjs/loader.js:999:30)\n' +
    '    at Object.Module._extensions..js (internal/modules/cjs/loader.js:1027:10)\n' +
    '    at Module.load (internal/modules/cjs/loader.js:863:32)\n' +
    '    at Function.Module._load (internal/modules/cjs/loader.js:708:14)\n' +
    '    at Function.executeUserEntryPoint [as runMain] (internal/modules/run_main.js:60:12)',
  exception: true,
  date: 'Wed Jan 26 2022 16:44:10 GMT+0000 (Coordinated Universal Time)',
  process: {
    pid: 14329,
    uid: 1000,
    gid: 1000,
    cwd: '/home/dominic/Project/nodejs/NodeJS-Mysql',
    execPath: '/usr/bin/node',
    version: 'v12.22.7',
    argv: [
      '/usr/bin/node',
      '/home/dominic/Project/nodejs/NodeJS-Mysql/app.js'
    ],
    memoryUsage: {
      rss: 61198336,
      heapTotal: 28233728,
      heapUsed: 13034864,
      external: 1581995,
      arrayBuffers: 107636
    }
  },
  os: { loadavg: [ 0.37, 0.45, 0.37 ], uptime: 9585 },
  trace: [
    {
      column: 16,
      file: 'net.js',
      function: 'Server.setupListenHandle [as _listen2]',
      line: 1310,
      method: 'setupListenHandle [as _listen2]',
      native: false
    },
    {
      column: 12,
      file: 'net.js',
      function: 'listenInCluster',
      line: 1358,
      method: null,
      native: false
    },
    {
      column: 7,
      file: 'net.js',
      function: 'Server.listen',
      line: 1444,
      method: 'listen',
      native: false
    },
    {
      column: 24,
      file: '/home/dominic/Project/nodejs/NodeJS-Mysql/node_modules/express/lib/application.js',
      function: 'Function.listen',
      line: 618,
      method: 'listen',
      native: false
    },
    {
      column: 5,
      file: '/home/dominic/Project/nodejs/NodeJS-Mysql/app.js',
      function: null,
      line: 27,
      method: null,
      native: false
    },
    {
      column: 30,
      file: 'internal/modules/cjs/loader.js',
      function: 'Module._compile',
      line: 999,
      method: '_compile',
      native: false
    },
    {
      column: 10,
      file: 'internal/modules/cjs/loader.js',
      function: 'Module._extensions..js',
      line: 1027,
      method: '.js',
      native: false
    },
    {
      column: 32,
      file: 'internal/modules/cjs/loader.js',
      function: 'Module.load',
      line: 863,
      method: 'load',
      native: false
    },
    {
      column: 14,
      file: 'internal/modules/cjs/loader.js',
      function: 'Module._load',
      line: 708,
      method: '_load',
      native: false
    },
    {
      column: 12,
      file: 'internal/modules/run_main.js',
      function: 'Function.executeUserEntryPoint [as runMain]',
      line: 60,
      method: 'executeUserEntryPoint [as runMain]',
      native: false
    }
  ],
  label: undefined,
  timestamp: '2022-01-26T16:44:10.503Z'
}
{
  error: Error: listen EADDRINUSE: address already in use :::5000
      at Server.setupListenHandle [as _listen2] (net.js:1310:16)
      at listenInCluster (net.js:1358:12)
      at Server.listen (net.js:1444:7)
      at Function.listen (/home/dominic/Project/nodejs/NodeJS-Mysql/node_modules/express/lib/application.js:618:24)
      at Object.<anonymous> (/home/dominic/Project/nodejs/NodeJS-Mysql/app.js:27:5)
      at Module._compile (internal/modules/cjs/loader.js:999:30)
      at Object.Module._extensions..js (internal/modules/cjs/loader.js:1027:10)
      at Module.load (internal/modules/cjs/loader.js:863:32)
      at Function.Module._load (internal/modules/cjs/loader.js:708:14)
      at Function.executeUserEntryPoint [as runMain] (internal/modules/run_main.js:60:12) {
    code: 'EADDRINUSE',
    errno: 'EADDRINUSE',
    syscall: 'listen',
    address: '::',
    port: 5000
  },
  level: 'error',
  message: 'uncaughtException: listen EADDRINUSE: address already in use :::5000\n' +
    'Error: listen EADDRINUSE: address already in use :::5000\n' +
    '    at Server.setupListenHandle [as _listen2] (net.js:1310:16)\n' +
    '    at listenInCluster (net.js:1358:12)\n' +
    '    at Server.listen (net.js:1444:7)\n' +
    '    at Function.listen (/home/dominic/Project/nodejs/NodeJS-Mysql/node_modules/express/lib/application.js:618:24)\n' +
    '    at Object.<anonymous> (/home/dominic/Project/nodejs/NodeJS-Mysql/app.js:27:5)\n' +
    '    at Module._compile (internal/modules/cjs/loader.js:999:30)\n' +
    '    at Object.Module._extensions..js (internal/modules/cjs/loader.js:1027:10)\n' +
    '    at Module.load (internal/modules/cjs/loader.js:863:32)\n' +
    '    at Function.Module._load (internal/modules/cjs/loader.js:708:14)\n' +
    '    at Function.executeUserEntryPoint [as runMain] (internal/modules/run_main.js:60:12)',
  stack: 'Error: listen EADDRINUSE: address already in use :::5000\n' +
    '    at Server.setupListenHandle [as _listen2] (net.js:1310:16)\n' +
    '    at listenInCluster (net.js:1358:12)\n' +
    '    at Server.listen (net.js:1444:7)\n' +
    '    at Function.listen (/home/dominic/Project/nodejs/NodeJS-Mysql/node_modules/express/lib/application.js:618:24)\n' +
    '    at Object.<anonymous> (/home/dominic/Project/nodejs/NodeJS-Mysql/app.js:27:5)\n' +
    '    at Module._compile (internal/modules/cjs/loader.js:999:30)\n' +
    '    at Object.Module._extensions..js (internal/modules/cjs/loader.js:1027:10)\n' +
    '    at Module.load (internal/modules/cjs/loader.js:863:32)\n' +
    '    at Function.Module._load (internal/modules/cjs/loader.js:708:14)\n' +
    '    at Function.executeUserEntryPoint [as runMain] (internal/modules/run_main.js:60:12)',
  exception: true,
  date: 'Thu Jan 27 2022 23:43:18 GMT+0000 (Coordinated Universal Time)',
  process: {
    pid: 15831,
    uid: 1000,
    gid: 1000,
    cwd: '/home/dominic/Project/nodejs/NodeJS-Mysql',
    execPath: '/usr/bin/node',
    version: 'v12.22.7',
    argv: [
      '/usr/bin/node',
      '/home/dominic/Project/nodejs/NodeJS-Mysql/app.js'
    ],
    memoryUsage: {
      rss: 59990016,
      heapTotal: 28233728,
      heapUsed: 13045824,
      external: 1581995,
      arrayBuffers: 107636
    }
  },
  os: { loadavg: [ 0.82, 0.75, 0.48 ], uptime: 121133 },
  trace: [
    {
      column: 16,
      file: 'net.js',
      function: 'Server.setupListenHandle [as _listen2]',
      line: 1310,
      method: 'setupListenHandle [as _listen2]',
      native: false
    },
    {
      column: 12,
      file: 'net.js',
      function: 'listenInCluster',
      line: 1358,
      method: null,
      native: false
    },
    {
      column: 7,
      file: 'net.js',
      function: 'Server.listen',
      line: 1444,
      method: 'listen',
      native: false
    },
    {
      column: 24,
      file: '/home/dominic/Project/nodejs/NodeJS-Mysql/node_modules/express/lib/application.js',
      function: 'Function.listen',
      line: 618,
      method: 'listen',
      native: false
    },
    {
      column: 5,
      file: '/home/dominic/Project/nodejs/NodeJS-Mysql/app.js',
      function: null,
      line: 27,
      method: null,
      native: false
    },
    {
      column: 30,
      file: 'internal/modules/cjs/loader.js',
      function: 'Module._compile',
      line: 999,
      method: '_compile',
      native: false
    },
    {
      column: 10,
      file: 'internal/modules/cjs/loader.js',
      function: 'Module._extensions..js',
      line: 1027,
      method: '.js',
      native: false
    },
    {
      column: 32,
      file: 'internal/modules/cjs/loader.js',
      function: 'Module.load',
      line: 863,
      method: 'load',
      native: false
    },
    {
      column: 14,
      file: 'internal/modules/cjs/loader.js',
      function: 'Module._load',
      line: 708,
      method: '_load',
      native: false
    },
    {
      column: 12,
      file: 'internal/modules/run_main.js',
      function: 'Function.executeUserEntryPoint [as runMain]',
      line: 60,
      method: 'executeUserEntryPoint [as runMain]',
      native: false
    }
  ],
  label: undefined,
  timestamp: '2022-01-27T23:43:18.994Z'
}
{
  error: Error: listen EADDRINUSE: address already in use :::5000
      at Server.setupListenHandle [as _listen2] (net.js:1310:16)
      at listenInCluster (net.js:1358:12)
      at Server.listen (net.js:1444:7)
      at Function.listen (/home/dominic/Project/nodejs/NodeJS-Mysql/node_modules/express/lib/application.js:618:24)
      at Object.<anonymous> (/home/dominic/Project/nodejs/NodeJS-Mysql/app.js:27:5)
      at Module._compile (internal/modules/cjs/loader.js:999:30)
      at Object.Module._extensions..js (internal/modules/cjs/loader.js:1027:10)
      at Module.load (internal/modules/cjs/loader.js:863:32)
      at Function.Module._load (internal/modules/cjs/loader.js:708:14)
      at Function.executeUserEntryPoint [as runMain] (internal/modules/run_main.js:60:12) {
    code: 'EADDRINUSE',
    errno: 'EADDRINUSE',
    syscall: 'listen',
    address: '::',
    port: 5000
  },
  level: 'error',
  message: 'uncaughtException: listen EADDRINUSE: address already in use :::5000\n' +
    'Error: listen EADDRINUSE: address already in use :::5000\n' +
    '    at Server.setupListenHandle [as _listen2] (net.js:1310:16)\n' +
    '    at listenInCluster (net.js:1358:12)\n' +
    '    at Server.listen (net.js:1444:7)\n' +
    '    at Function.listen (/home/dominic/Project/nodejs/NodeJS-Mysql/node_modules/express/lib/application.js:618:24)\n' +
    '    at Object.<anonymous> (/home/dominic/Project/nodejs/NodeJS-Mysql/app.js:27:5)\n' +
    '    at Module._compile (internal/modules/cjs/loader.js:999:30)\n' +
    '    at Object.Module._extensions..js (internal/modules/cjs/loader.js:1027:10)\n' +
    '    at Module.load (internal/modules/cjs/loader.js:863:32)\n' +
    '    at Function.Module._load (internal/modules/cjs/loader.js:708:14)\n' +
    '    at Function.executeUserEntryPoint [as runMain] (internal/modules/run_main.js:60:12)',
  stack: 'Error: listen EADDRINUSE: address already in use :::5000\n' +
    '    at Server.setupListenHandle [as _listen2] (net.js:1310:16)\n' +
    '    at listenInCluster (net.js:1358:12)\n' +
    '    at Server.listen (net.js:1444:7)\n' +
    '    at Function.listen (/home/dominic/Project/nodejs/NodeJS-Mysql/node_modules/express/lib/application.js:618:24)\n' +
    '    at Object.<anonymous> (/home/dominic/Project/nodejs/NodeJS-Mysql/app.js:27:5)\n' +
    '    at Module._compile (internal/modules/cjs/loader.js:999:30)\n' +
    '    at Object.Module._extensions..js (internal/modules/cjs/loader.js:1027:10)\n' +
    '    at Module.load (internal/modules/cjs/loader.js:863:32)\n' +
    '    at Function.Module._load (internal/modules/cjs/loader.js:708:14)\n' +
    '    at Function.executeUserEntryPoint [as runMain] (internal/modules/run_main.js:60:12)',
  exception: true,
  date: 'Thu Jan 27 2022 23:44:29 GMT+0000 (Coordinated Universal Time)',
  process: {
    pid: 16171,
    uid: 1000,
    gid: 1000,
    cwd: '/home/dominic/Project/nodejs/NodeJS-Mysql',
    execPath: '/usr/bin/node',
    version: 'v12.22.7',
    argv: [
      '/usr/bin/node',
      '/home/dominic/Project/nodejs/NodeJS-Mysql/app.js'
    ],
    memoryUsage: {
      rss: 60567552,
      heapTotal: 27971584,
      heapUsed: 13124120,
      external: 1581995,
      arrayBuffers: 107636
    }
  },
  os: { loadavg: [ 0.74, 0.77, 0.51 ], uptime: 121204 },
  trace: [
    {
      column: 16,
      file: 'net.js',
      function: 'Server.setupListenHandle [as _listen2]',
      line: 1310,
      method: 'setupListenHandle [as _listen2]',
      native: false
    },
    {
      column: 12,
      file: 'net.js',
      function: 'listenInCluster',
      line: 1358,
      method: null,
      native: false
    },
    {
      column: 7,
      file: 'net.js',
      function: 'Server.listen',
      line: 1444,
      method: 'listen',
      native: false
    },
    {
      column: 24,
      file: '/home/dominic/Project/nodejs/NodeJS-Mysql/node_modules/express/lib/application.js',
      function: 'Function.listen',
      line: 618,
      method: 'listen',
      native: false
    },
    {
      column: 5,
      file: '/home/dominic/Project/nodejs/NodeJS-Mysql/app.js',
      function: null,
      line: 27,
      method: null,
      native: false
    },
    {
      column: 30,
      file: 'internal/modules/cjs/loader.js',
      function: 'Module._compile',
      line: 999,
      method: '_compile',
      native: false
    },
    {
      column: 10,
      file: 'internal/modules/cjs/loader.js',
      function: 'Module._extensions..js',
      line: 1027,
      method: '.js',
      native: false
    },
    {
      column: 32,
      file: 'internal/modules/cjs/loader.js',
      function: 'Module.load',
      line: 863,
      method: 'load',
      native: false
    },
    {
      column: 14,
      file: 'internal/modules/cjs/loader.js',
      function: 'Module._load',
      line: 708,
      method: '_load',
      native: false
    },
    {
      column: 12,
      file: 'internal/modules/run_main.js',
      function: 'Function.executeUserEntryPoint [as runMain]',
      line: 60,
      method: 'executeUserEntryPoint [as runMain]',
      native: false
    }
  ],
  label: undefined,
  timestamp: '2022-01-27T23:44:29.722Z'
}
{
  error: /home/dominic/Project/nodejs/NodeJS-Mysql/controller/project.controller.js:43
                      }
                      ^
  
  SyntaxError: Missing catch or finally after try
      at wrapSafe (internal/modules/cjs/loader.js:915:16)
      at Module._compile (internal/modules/cjs/loader.js:963:27)
      at Object.Module._extensions..js (internal/modules/cjs/loader.js:1027:10)
      at Module.load (internal/modules/cjs/loader.js:863:32)
      at Function.Module._load (internal/modules/cjs/loader.js:708:14)
      at Module.require (internal/modules/cjs/loader.js:887:19)
      at require (internal/modules/cjs/helpers.js:74:18)
      at Object.<anonymous> (/home/dominic/Project/nodejs/NodeJS-Mysql/routes/project.routes.js:2:27)
      at Module._compile (internal/modules/cjs/loader.js:999:30)
      at Object.Module._extensions..js (internal/modules/cjs/loader.js:1027:10),
  level: 'error',
  message: 'uncaughtException: Missing catch or finally after try\n' +
    '/home/dominic/Project/nodejs/NodeJS-Mysql/controller/project.controller.js:43\n' +
    '                    }\n' +
    '                    ^\n' +
    '\n' +
    'SyntaxError: Missing catch or finally after try\n' +
    '    at wrapSafe (internal/modules/cjs/loader.js:915:16)\n' +
    '    at Module._compile (internal/modules/cjs/loader.js:963:27)\n' +
    '    at Object.Module._extensions..js (internal/modules/cjs/loader.js:1027:10)\n' +
    '    at Module.load (internal/modules/cjs/loader.js:863:32)\n' +
    '    at Function.Module._load (internal/modules/cjs/loader.js:708:14)\n' +
    '    at Module.require (internal/modules/cjs/loader.js:887:19)\n' +
    '    at require (internal/modules/cjs/helpers.js:74:18)\n' +
    '    at Object.<anonymous> (/home/dominic/Project/nodejs/NodeJS-Mysql/routes/project.routes.js:2:27)\n' +
    '    at Module._compile (internal/modules/cjs/loader.js:999:30)\n' +
    '    at Object.Module._extensions..js (internal/modules/cjs/loader.js:1027:10)',
  stack: '/home/dominic/Project/nodejs/NodeJS-Mysql/controller/project.controller.js:43\n' +
    '                    }\n' +
    '                    ^\n' +
    '\n' +
    'SyntaxError: Missing catch or finally after try\n' +
    '    at wrapSafe (internal/modules/cjs/loader.js:915:16)\n' +
    '    at Module._compile (internal/modules/cjs/loader.js:963:27)\n' +
    '    at Object.Module._extensions..js (internal/modules/cjs/loader.js:1027:10)\n' +
    '    at Module.load (internal/modules/cjs/loader.js:863:32)\n' +
    '    at Function.Module._load (internal/modules/cjs/loader.js:708:14)\n' +
    '    at Module.require (internal/modules/cjs/loader.js:887:19)\n' +
    '    at require (internal/modules/cjs/helpers.js:74:18)\n' +
    '    at Object.<anonymous> (/home/dominic/Project/nodejs/NodeJS-Mysql/routes/project.routes.js:2:27)\n' +
    '    at Module._compile (internal/modules/cjs/loader.js:999:30)\n' +
    '    at Object.Module._extensions..js (internal/modules/cjs/loader.js:1027:10)',
  exception: true,
  date: 'Thu Jan 27 2022 23:47:51 GMT+0000 (Coordinated Universal Time)',
  process: {
    pid: 16512,
    uid: 1000,
    gid: 1000,
    cwd: '/home/dominic/Project/nodejs/NodeJS-Mysql',
    execPath: '/usr/bin/node',
    version: 'v12.22.7',
    argv: [
      '/usr/bin/node',
      '/home/dominic/Project/nodejs/NodeJS-Mysql/app.js'
    ],
    memoryUsage: {
      rss: 59916288,
      heapTotal: 18534400,
      heapUsed: 13014312,
      external: 1873447,
      arrayBuffers: 465253
    }
  },
  os: { loadavg: [ 1.03, 0.9, 0.61 ], uptime: 121405 },
  trace: [
    {
      column: 16,
      file: 'internal/modules/cjs/loader.js',
      function: 'wrapSafe',
      line: 915,
      method: null,
      native: false
    },
    {
      column: 27,
      file: 'internal/modules/cjs/loader.js',
      function: 'Module._compile',
      line: 963,
      method: '_compile',
      native: false
    },
    {
      column: 10,
      file: 'internal/modules/cjs/loader.js',
      function: 'Module._extensions..js',
      line: 1027,
      method: '.js',
      native: false
    },
    {
      column: 32,
      file: 'internal/modules/cjs/loader.js',
      function: 'Module.load',
      line: 863,
      method: 'load',
      native: false
    },
    {
      column: 14,
      file: 'internal/modules/cjs/loader.js',
      function: 'Module._load',
      line: 708,
      method: '_load',
      native: false
    },
    {
      column: 19,
      file: 'internal/modules/cjs/loader.js',
      function: 'Module.require',
      line: 887,
      method: 'require',
      native: false
    },
    {
      column: 18,
      file: 'internal/modules/cjs/helpers.js',
      function: 'require',
      line: 74,
      method: null,
      native: false
    },
    {
      column: 27,
      file: '/home/dominic/Project/nodejs/NodeJS-Mysql/routes/project.routes.js',
      function: null,
      line: 2,
      method: null,
      native: false
    },
    {
      column: 30,
      file: 'internal/modules/cjs/loader.js',
      function: 'Module._compile',
      line: 999,
      method: '_compile',
      native: false
    },
    {
      column: 10,
      file: 'internal/modules/cjs/loader.js',
      function: 'Module._extensions..js',
      line: 1027,
      method: '.js',
      native: false
    }
  ],
  label: undefined,
  timestamp: '2022-01-27T23:47:51.376Z'
}
{
  error: Error: listen EADDRINUSE: address already in use :::5000
      at Server.setupListenHandle [as _listen2] (net.js:1310:16)
      at listenInCluster (net.js:1358:12)
      at Server.listen (net.js:1444:7)
      at Function.listen (/home/dominic/Project/nodejs/NodeJS-Mysql/node_modules/express/lib/application.js:618:24)
      at Object.<anonymous> (/home/dominic/Project/nodejs/NodeJS-Mysql/app.js:27:5)
      at Module._compile (internal/modules/cjs/loader.js:999:30)
      at Object.Module._extensions..js (internal/modules/cjs/loader.js:1027:10)
      at Module.load (internal/modules/cjs/loader.js:863:32)
      at Function.Module._load (internal/modules/cjs/loader.js:708:14)
      at Function.executeUserEntryPoint [as runMain] (internal/modules/run_main.js:60:12) {
    code: 'EADDRINUSE',
    errno: 'EADDRINUSE',
    syscall: 'listen',
    address: '::',
    port: 5000
  },
  level: 'error',
  message: 'uncaughtException: listen EADDRINUSE: address already in use :::5000\n' +
    'Error: listen EADDRINUSE: address already in use :::5000\n' +
    '    at Server.setupListenHandle [as _listen2] (net.js:1310:16)\n' +
    '    at listenInCluster (net.js:1358:12)\n' +
    '    at Server.listen (net.js:1444:7)\n' +
    '    at Function.listen (/home/dominic/Project/nodejs/NodeJS-Mysql/node_modules/express/lib/application.js:618:24)\n' +
    '    at Object.<anonymous> (/home/dominic/Project/nodejs/NodeJS-Mysql/app.js:27:5)\n' +
    '    at Module._compile (internal/modules/cjs/loader.js:999:30)\n' +
    '    at Object.Module._extensions..js (internal/modules/cjs/loader.js:1027:10)\n' +
    '    at Module.load (internal/modules/cjs/loader.js:863:32)\n' +
    '    at Function.Module._load (internal/modules/cjs/loader.js:708:14)\n' +
    '    at Function.executeUserEntryPoint [as runMain] (internal/modules/run_main.js:60:12)',
  stack: 'Error: listen EADDRINUSE: address already in use :::5000\n' +
    '    at Server.setupListenHandle [as _listen2] (net.js:1310:16)\n' +
    '    at listenInCluster (net.js:1358:12)\n' +
    '    at Server.listen (net.js:1444:7)\n' +
    '    at Function.listen (/home/dominic/Project/nodejs/NodeJS-Mysql/node_modules/express/lib/application.js:618:24)\n' +
    '    at Object.<anonymous> (/home/dominic/Project/nodejs/NodeJS-Mysql/app.js:27:5)\n' +
    '    at Module._compile (internal/modules/cjs/loader.js:999:30)\n' +
    '    at Object.Module._extensions..js (internal/modules/cjs/loader.js:1027:10)\n' +
    '    at Module.load (internal/modules/cjs/loader.js:863:32)\n' +
    '    at Function.Module._load (internal/modules/cjs/loader.js:708:14)\n' +
    '    at Function.executeUserEntryPoint [as runMain] (internal/modules/run_main.js:60:12)',
  exception: true,
  date: 'Thu Jan 27 2022 23:50:03 GMT+0000 (Coordinated Universal Time)',
  process: {
    pid: 16896,
    uid: 1000,
    gid: 1000,
    cwd: '/home/dominic/Project/nodejs/NodeJS-Mysql',
    execPath: '/usr/bin/node',
    version: 'v12.22.7',
    argv: [
      '/usr/bin/node',
      '/home/dominic/Project/nodejs/NodeJS-Mysql/app.js'
    ],
    memoryUsage: {
      rss: 60084224,
      heapTotal: 28233728,
      heapUsed: 13056112,
      external: 1581995,
      arrayBuffers: 107636
    }
  },
  os: { loadavg: [ 0.58, 0.8, 0.62 ], uptime: 121538 },
  trace: [
    {
      column: 16,
      file: 'net.js',
      function: 'Server.setupListenHandle [as _listen2]',
      line: 1310,
      method: 'setupListenHandle [as _listen2]',
      native: false
    },
    {
      column: 12,
      file: 'net.js',
      function: 'listenInCluster',
      line: 1358,
      method: null,
      native: false
    },
    {
      column: 7,
      file: 'net.js',
      function: 'Server.listen',
      line: 1444,
      method: 'listen',
      native: false
    },
    {
      column: 24,
      file: '/home/dominic/Project/nodejs/NodeJS-Mysql/node_modules/express/lib/application.js',
      function: 'Function.listen',
      line: 618,
      method: 'listen',
      native: false
    },
    {
      column: 5,
      file: '/home/dominic/Project/nodejs/NodeJS-Mysql/app.js',
      function: null,
      line: 27,
      method: null,
      native: false
    },
    {
      column: 30,
      file: 'internal/modules/cjs/loader.js',
      function: 'Module._compile',
      line: 999,
      method: '_compile',
      native: false
    },
    {
      column: 10,
      file: 'internal/modules/cjs/loader.js',
      function: 'Module._extensions..js',
      line: 1027,
      method: '.js',
      native: false
    },
    {
      column: 32,
      file: 'internal/modules/cjs/loader.js',
      function: 'Module.load',
      line: 863,
      method: 'load',
      native: false
    },
    {
      column: 14,
      file: 'internal/modules/cjs/loader.js',
      function: 'Module._load',
      line: 708,
      method: '_load',
      native: false
    },
    {
      column: 12,
      file: 'internal/modules/run_main.js',
      function: 'Function.executeUserEntryPoint [as runMain]',
      line: 60,
      method: 'executeUserEntryPoint [as runMain]',
      native: false
    }
  ],
  label: undefined,
  timestamp: '2022-01-27T23:50:03.609Z'
}
{
  error: Error: listen EADDRINUSE: address already in use :::5000
      at Server.setupListenHandle [as _listen2] (net.js:1310:16)
      at listenInCluster (net.js:1358:12)
      at Server.listen (net.js:1444:7)
      at Function.listen (/home/dominic/Project/nodejs/NodeJS-Mysql/node_modules/express/lib/application.js:618:24)
      at Object.<anonymous> (/home/dominic/Project/nodejs/NodeJS-Mysql/app.js:27:5)
      at Module._compile (internal/modules/cjs/loader.js:999:30)
      at Object.Module._extensions..js (internal/modules/cjs/loader.js:1027:10)
      at Module.load (internal/modules/cjs/loader.js:863:32)
      at Function.Module._load (internal/modules/cjs/loader.js:708:14)
      at Function.executeUserEntryPoint [as runMain] (internal/modules/run_main.js:60:12) {
    code: 'EADDRINUSE',
    errno: 'EADDRINUSE',
    syscall: 'listen',
    address: '::',
    port: 5000
  },
  level: 'error',
  message: 'uncaughtException: listen EADDRINUSE: address already in use :::5000\n' +
    'Error: listen EADDRINUSE: address already in use :::5000\n' +
    '    at Server.setupListenHandle [as _listen2] (net.js:1310:16)\n' +
    '    at listenInCluster (net.js:1358:12)\n' +
    '    at Server.listen (net.js:1444:7)\n' +
    '    at Function.listen (/home/dominic/Project/nodejs/NodeJS-Mysql/node_modules/express/lib/application.js:618:24)\n' +
    '    at Object.<anonymous> (/home/dominic/Project/nodejs/NodeJS-Mysql/app.js:27:5)\n' +
    '    at Module._compile (internal/modules/cjs/loader.js:999:30)\n' +
    '    at Object.Module._extensions..js (internal/modules/cjs/loader.js:1027:10)\n' +
    '    at Module.load (internal/modules/cjs/loader.js:863:32)\n' +
    '    at Function.Module._load (internal/modules/cjs/loader.js:708:14)\n' +
    '    at Function.executeUserEntryPoint [as runMain] (internal/modules/run_main.js:60:12)',
  stack: 'Error: listen EADDRINUSE: address already in use :::5000\n' +
    '    at Server.setupListenHandle [as _listen2] (net.js:1310:16)\n' +
    '    at listenInCluster (net.js:1358:12)\n' +
    '    at Server.listen (net.js:1444:7)\n' +
    '    at Function.listen (/home/dominic/Project/nodejs/NodeJS-Mysql/node_modules/express/lib/application.js:618:24)\n' +
    '    at Object.<anonymous> (/home/dominic/Project/nodejs/NodeJS-Mysql/app.js:27:5)\n' +
    '    at Module._compile (internal/modules/cjs/loader.js:999:30)\n' +
    '    at Object.Module._extensions..js (internal/modules/cjs/loader.js:1027:10)\n' +
    '    at Module.load (internal/modules/cjs/loader.js:863:32)\n' +
    '    at Function.Module._load (internal/modules/cjs/loader.js:708:14)\n' +
    '    at Function.executeUserEntryPoint [as runMain] (internal/modules/run_main.js:60:12)',
  exception: true,
  date: 'Thu Jan 27 2022 23:51:59 GMT+0000 (Coordinated Universal Time)',
  process: {
    pid: 17194,
    uid: 1000,
    gid: 1000,
    cwd: '/home/dominic/Project/nodejs/NodeJS-Mysql',
    execPath: '/usr/bin/node',
    version: 'v12.22.7',
    argv: [
      '/usr/bin/node',
      '/home/dominic/Project/nodejs/NodeJS-Mysql/app.js'
    ],
    memoryUsage: {
      rss: 60841984,
      heapTotal: 28233728,
      heapUsed: 13015488,
      external: 1581995,
      arrayBuffers: 107636
    }
  },
  os: { loadavg: [ 0.44, 0.71, 0.61 ], uptime: 121653 },
  trace: [
    {
      column: 16,
      file: 'net.js',
      function: 'Server.setupListenHandle [as _listen2]',
      line: 1310,
      method: 'setupListenHandle [as _listen2]',
      native: false
    },
    {
      column: 12,
      file: 'net.js',
      function: 'listenInCluster',
      line: 1358,
      method: null,
      native: false
    },
    {
      column: 7,
      file: 'net.js',
      function: 'Server.listen',
      line: 1444,
      method: 'listen',
      native: false
    },
    {
      column: 24,
      file: '/home/dominic/Project/nodejs/NodeJS-Mysql/node_modules/express/lib/application.js',
      function: 'Function.listen',
      line: 618,
      method: 'listen',
      native: false
    },
    {
      column: 5,
      file: '/home/dominic/Project/nodejs/NodeJS-Mysql/app.js',
      function: null,
      line: 27,
      method: null,
      native: false
    },
    {
      column: 30,
      file: 'internal/modules/cjs/loader.js',
      function: 'Module._compile',
      line: 999,
      method: '_compile',
      native: false
    },
    {
      column: 10,
      file: 'internal/modules/cjs/loader.js',
      function: 'Module._extensions..js',
      line: 1027,
      method: '.js',
      native: false
    },
    {
      column: 32,
      file: 'internal/modules/cjs/loader.js',
      function: 'Module.load',
      line: 863,
      method: 'load',
      native: false
    },
    {
      column: 14,
      file: 'internal/modules/cjs/loader.js',
      function: 'Module._load',
      line: 708,
      method: '_load',
      native: false
    },
    {
      column: 12,
      file: 'internal/modules/run_main.js',
      function: 'Function.executeUserEntryPoint [as runMain]',
      line: 60,
      method: 'executeUserEntryPoint [as runMain]',
      native: false
    }
  ],
  label: undefined,
  timestamp: '2022-01-27T23:51:59.393Z'
}
{
  error: Error: listen EADDRINUSE: address already in use :::5000
      at Server.setupListenHandle [as _listen2] (net.js:1310:16)
      at listenInCluster (net.js:1358:12)
      at Server.listen (net.js:1444:7)
      at Function.listen (/home/dominic/Project/nodejs/NodeJS-Mysql/node_modules/express/lib/application.js:618:24)
      at Object.<anonymous> (/home/dominic/Project/nodejs/NodeJS-Mysql/app.js:27:5)
      at Module._compile (internal/modules/cjs/loader.js:999:30)
      at Object.Module._extensions..js (internal/modules/cjs/loader.js:1027:10)
      at Module.load (internal/modules/cjs/loader.js:863:32)
      at Function.Module._load (internal/modules/cjs/loader.js:708:14)
      at Function.executeUserEntryPoint [as runMain] (internal/modules/run_main.js:60:12) {
    code: 'EADDRINUSE',
    errno: 'EADDRINUSE',
    syscall: 'listen',
    address: '::',
    port: 5000
  },
  level: 'error',
  message: 'uncaughtException: listen EADDRINUSE: address already in use :::5000\n' +
    'Error: listen EADDRINUSE: address already in use :::5000\n' +
    '    at Server.setupListenHandle [as _listen2] (net.js:1310:16)\n' +
    '    at listenInCluster (net.js:1358:12)\n' +
    '    at Server.listen (net.js:1444:7)\n' +
    '    at Function.listen (/home/dominic/Project/nodejs/NodeJS-Mysql/node_modules/express/lib/application.js:618:24)\n' +
    '    at Object.<anonymous> (/home/dominic/Project/nodejs/NodeJS-Mysql/app.js:27:5)\n' +
    '    at Module._compile (internal/modules/cjs/loader.js:999:30)\n' +
    '    at Object.Module._extensions..js (internal/modules/cjs/loader.js:1027:10)\n' +
    '    at Module.load (internal/modules/cjs/loader.js:863:32)\n' +
    '    at Function.Module._load (internal/modules/cjs/loader.js:708:14)\n' +
    '    at Function.executeUserEntryPoint [as runMain] (internal/modules/run_main.js:60:12)',
  stack: 'Error: listen EADDRINUSE: address already in use :::5000\n' +
    '    at Server.setupListenHandle [as _listen2] (net.js:1310:16)\n' +
    '    at listenInCluster (net.js:1358:12)\n' +
    '    at Server.listen (net.js:1444:7)\n' +
    '    at Function.listen (/home/dominic/Project/nodejs/NodeJS-Mysql/node_modules/express/lib/application.js:618:24)\n' +
    '    at Object.<anonymous> (/home/dominic/Project/nodejs/NodeJS-Mysql/app.js:27:5)\n' +
    '    at Module._compile (internal/modules/cjs/loader.js:999:30)\n' +
    '    at Object.Module._extensions..js (internal/modules/cjs/loader.js:1027:10)\n' +
    '    at Module.load (internal/modules/cjs/loader.js:863:32)\n' +
    '    at Function.Module._load (internal/modules/cjs/loader.js:708:14)\n' +
    '    at Function.executeUserEntryPoint [as runMain] (internal/modules/run_main.js:60:12)',
  exception: true,
  date: 'Thu Jan 27 2022 23:52:18 GMT+0000 (Coordinated Universal Time)',
  process: {
    pid: 17299,
    uid: 1000,
    gid: 1000,
    cwd: '/home/dominic/Project/nodejs/NodeJS-Mysql',
    execPath: '/usr/bin/node',
    version: 'v12.22.7',
    argv: [
      '/usr/bin/node',
      '/home/dominic/Project/nodejs/NodeJS-Mysql/app.js'
    ],
    memoryUsage: {
      rss: 60657664,
      heapTotal: 28233728,
      heapUsed: 13053336,
      external: 1581995,
      arrayBuffers: 107636
    }
  },
  os: { loadavg: [ 0.65, 0.75, 0.62 ], uptime: 121673 },
  trace: [
    {
      column: 16,
      file: 'net.js',
      function: 'Server.setupListenHandle [as _listen2]',
      line: 1310,
      method: 'setupListenHandle [as _listen2]',
      native: false
    },
    {
      column: 12,
      file: 'net.js',
      function: 'listenInCluster',
      line: 1358,
      method: null,
      native: false
    },
    {
      column: 7,
      file: 'net.js',
      function: 'Server.listen',
      line: 1444,
      method: 'listen',
      native: false
    },
    {
      column: 24,
      file: '/home/dominic/Project/nodejs/NodeJS-Mysql/node_modules/express/lib/application.js',
      function: 'Function.listen',
      line: 618,
      method: 'listen',
      native: false
    },
    {
      column: 5,
      file: '/home/dominic/Project/nodejs/NodeJS-Mysql/app.js',
      function: null,
      line: 27,
      method: null,
      native: false
    },
    {
      column: 30,
      file: 'internal/modules/cjs/loader.js',
      function: 'Module._compile',
      line: 999,
      method: '_compile',
      native: false
    },
    {
      column: 10,
      file: 'internal/modules/cjs/loader.js',
      function: 'Module._extensions..js',
      line: 1027,
      method: '.js',
      native: false
    },
    {
      column: 32,
      file: 'internal/modules/cjs/loader.js',
      function: 'Module.load',
      line: 863,
      method: 'load',
      native: false
    },
    {
      column: 14,
      file: 'internal/modules/cjs/loader.js',
      function: 'Module._load',
      line: 708,
      method: '_load',
      native: false
    },
    {
      column: 12,
      file: 'internal/modules/run_main.js',
      function: 'Function.executeUserEntryPoint [as runMain]',
      line: 60,
      method: 'executeUserEntryPoint [as runMain]',
      native: false
    }
  ],
  label: undefined,
  timestamp: '2022-01-27T23:52:18.987Z'
}
